mode: atomic
github.com/microsoft/terraform-provider-fabric/internal/framework/typeutils/dynamic_json.go:22.53,23.16 1 1
github.com/microsoft/terraform-provider-fabric/internal/framework/typeutils/dynamic_json.go:23.16,25.3 1 0
github.com/microsoft/terraform-provider-fabric/internal/framework/typeutils/dynamic_json.go:27.2,27.45 1 1
github.com/microsoft/terraform-provider-fabric/internal/framework/typeutils/dynamic_json.go:30.65,33.23 2 6
github.com/microsoft/terraform-provider-fabric/internal/framework/typeutils/dynamic_json.go:33.23,35.17 2 6
github.com/microsoft/terraform-provider-fabric/internal/framework/typeutils/dynamic_json.go:35.17,37.4 1 0
github.com/microsoft/terraform-provider-fabric/internal/framework/typeutils/dynamic_json.go:39.3,39.37 1 6
github.com/microsoft/terraform-provider-fabric/internal/framework/typeutils/dynamic_json.go:42.2,42.15 1 6
github.com/microsoft/terraform-provider-fabric/internal/framework/typeutils/dynamic_json.go:45.82,48.23 2 5
github.com/microsoft/terraform-provider-fabric/internal/framework/typeutils/dynamic_json.go:48.23,50.17 2 28
github.com/microsoft/terraform-provider-fabric/internal/framework/typeutils/dynamic_json.go:50.17,52.4 1 0
github.com/microsoft/terraform-provider-fabric/internal/framework/typeutils/dynamic_json.go:54.3,54.29 1 28
github.com/microsoft/terraform-provider-fabric/internal/framework/typeutils/dynamic_json.go:57.2,57.15 1 5
github.com/microsoft/terraform-provider-fabric/internal/framework/typeutils/dynamic_json.go:60.54,61.18 1 35
github.com/microsoft/terraform-provider-fabric/internal/framework/typeutils/dynamic_json.go:61.18,63.3 1 10
github.com/microsoft/terraform-provider-fabric/internal/framework/typeutils/dynamic_json.go:65.2,65.29 1 25
github.com/microsoft/terraform-provider-fabric/internal/framework/typeutils/dynamic_json.go:66.18,67.41 1 8
github.com/microsoft/terraform-provider-fabric/internal/framework/typeutils/dynamic_json.go:68.20,69.43 1 3
github.com/microsoft/terraform-provider-fabric/internal/framework/typeutils/dynamic_json.go:70.19,71.42 1 1
github.com/microsoft/terraform-provider-fabric/internal/framework/typeutils/dynamic_json.go:72.21,73.44 1 1
github.com/microsoft/terraform-provider-fabric/internal/framework/typeutils/dynamic_json.go:74.20,77.25 2 1
github.com/microsoft/terraform-provider-fabric/internal/framework/typeutils/dynamic_json.go:78.18,80.17 2 2
github.com/microsoft/terraform-provider-fabric/internal/framework/typeutils/dynamic_json.go:80.17,82.4 1 0
github.com/microsoft/terraform-provider-fabric/internal/framework/typeutils/dynamic_json.go:84.3,84.25 1 2
github.com/microsoft/terraform-provider-fabric/internal/framework/typeutils/dynamic_json.go:85.17,87.17 2 2
github.com/microsoft/terraform-provider-fabric/internal/framework/typeutils/dynamic_json.go:87.17,89.4 1 0
github.com/microsoft/terraform-provider-fabric/internal/framework/typeutils/dynamic_json.go:91.3,91.25 1 2
github.com/microsoft/terraform-provider-fabric/internal/framework/typeutils/dynamic_json.go:92.19,94.17 2 2
github.com/microsoft/terraform-provider-fabric/internal/framework/typeutils/dynamic_json.go:94.17,96.4 1 0
github.com/microsoft/terraform-provider-fabric/internal/framework/typeutils/dynamic_json.go:98.3,98.25 1 2
github.com/microsoft/terraform-provider-fabric/internal/framework/typeutils/dynamic_json.go:99.17,101.17 2 2
github.com/microsoft/terraform-provider-fabric/internal/framework/typeutils/dynamic_json.go:101.17,103.4 1 0
github.com/microsoft/terraform-provider-fabric/internal/framework/typeutils/dynamic_json.go:105.3,105.25 1 2
github.com/microsoft/terraform-provider-fabric/internal/framework/typeutils/dynamic_json.go:106.20,108.17 2 3
github.com/microsoft/terraform-provider-fabric/internal/framework/typeutils/dynamic_json.go:108.17,110.4 1 0
github.com/microsoft/terraform-provider-fabric/internal/framework/typeutils/dynamic_json.go:112.3,112.25 1 3
github.com/microsoft/terraform-provider-fabric/internal/framework/typeutils/dynamic_json.go:113.10,114.54 1 0
github.com/microsoft/terraform-provider-fabric/internal/framework/typeutils/dynamic_json.go:119.68,121.16 2 3
github.com/microsoft/terraform-provider-fabric/internal/framework/typeutils/dynamic_json.go:121.16,123.3 1 0
github.com/microsoft/terraform-provider-fabric/internal/framework/typeutils/dynamic_json.go:125.2,125.35 1 3
github.com/microsoft/terraform-provider-fabric/internal/framework/typeutils/dynamic_json.go:128.71,132.16 3 4
github.com/microsoft/terraform-provider-fabric/internal/framework/typeutils/dynamic_json.go:132.16,134.3 1 0
github.com/microsoft/terraform-provider-fabric/internal/framework/typeutils/dynamic_json.go:136.2,138.22 2 4
github.com/microsoft/terraform-provider-fabric/internal/framework/typeutils/dynamic_json.go:138.22,140.17 2 4
github.com/microsoft/terraform-provider-fabric/internal/framework/typeutils/dynamic_json.go:140.17,142.4 1 0
github.com/microsoft/terraform-provider-fabric/internal/framework/typeutils/dynamic_json.go:144.3,144.27 1 4
github.com/microsoft/terraform-provider-fabric/internal/framework/typeutils/dynamic_json.go:147.2,147.18 1 4
github.com/microsoft/terraform-provider-fabric/internal/framework/typeutils/dynamic_json.go:150.69,151.27 1 40
github.com/microsoft/terraform-provider-fabric/internal/framework/typeutils/dynamic_json.go:152.26,153.39 1 9
github.com/microsoft/terraform-provider-fabric/internal/framework/typeutils/dynamic_json.go:153.39,155.4 1 1
github.com/microsoft/terraform-provider-fabric/internal/framework/typeutils/dynamic_json.go:157.3,160.17 3 8
github.com/microsoft/terraform-provider-fabric/internal/framework/typeutils/dynamic_json.go:160.17,162.4 1 0
github.com/microsoft/terraform-provider-fabric/internal/framework/typeutils/dynamic_json.go:164.3,164.33 1 8
github.com/microsoft/terraform-provider-fabric/internal/framework/typeutils/dynamic_json.go:165.28,166.39 1 7
github.com/microsoft/terraform-provider-fabric/internal/framework/typeutils/dynamic_json.go:166.39,168.4 1 2
github.com/microsoft/terraform-provider-fabric/internal/framework/typeutils/dynamic_json.go:170.3,173.17 3 5
github.com/microsoft/terraform-provider-fabric/internal/framework/typeutils/dynamic_json.go:173.17,175.4 1 0
github.com/microsoft/terraform-provider-fabric/internal/framework/typeutils/dynamic_json.go:177.3,177.35 1 5
github.com/microsoft/terraform-provider-fabric/internal/framework/typeutils/dynamic_json.go:178.27,179.39 1 2
github.com/microsoft/terraform-provider-fabric/internal/framework/typeutils/dynamic_json.go:179.39,181.4 1 1
github.com/microsoft/terraform-provider-fabric/internal/framework/typeutils/dynamic_json.go:183.3,186.17 3 1
github.com/microsoft/terraform-provider-fabric/internal/framework/typeutils/dynamic_json.go:186.17,188.4 1 0
github.com/microsoft/terraform-provider-fabric/internal/framework/typeutils/dynamic_json.go:190.3,190.34 1 1
github.com/microsoft/terraform-provider-fabric/internal/framework/typeutils/dynamic_json.go:191.29,192.39 1 2
github.com/microsoft/terraform-provider-fabric/internal/framework/typeutils/dynamic_json.go:192.39,194.4 1 1
github.com/microsoft/terraform-provider-fabric/internal/framework/typeutils/dynamic_json.go:196.3,199.17 3 1
github.com/microsoft/terraform-provider-fabric/internal/framework/typeutils/dynamic_json.go:199.17,201.4 1 0
github.com/microsoft/terraform-provider-fabric/internal/framework/typeutils/dynamic_json.go:203.3,203.36 1 1
github.com/microsoft/terraform-provider-fabric/internal/framework/typeutils/dynamic_json.go:204.28,205.39 1 2
github.com/microsoft/terraform-provider-fabric/internal/framework/typeutils/dynamic_json.go:205.39,207.4 1 1
github.com/microsoft/terraform-provider-fabric/internal/framework/typeutils/dynamic_json.go:209.3,212.17 3 1
github.com/microsoft/terraform-provider-fabric/internal/framework/typeutils/dynamic_json.go:212.17,214.4 1 0
github.com/microsoft/terraform-provider-fabric/internal/framework/typeutils/dynamic_json.go:216.3,216.49 1 1
github.com/microsoft/terraform-provider-fabric/internal/framework/typeutils/dynamic_json.go:217.26,218.39 1 3
github.com/microsoft/terraform-provider-fabric/internal/framework/typeutils/dynamic_json.go:218.39,220.4 1 1
github.com/microsoft/terraform-provider-fabric/internal/framework/typeutils/dynamic_json.go:222.3,223.17 2 2
github.com/microsoft/terraform-provider-fabric/internal/framework/typeutils/dynamic_json.go:223.17,225.4 1 0
github.com/microsoft/terraform-provider-fabric/internal/framework/typeutils/dynamic_json.go:227.3,228.23 2 2
github.com/microsoft/terraform-provider-fabric/internal/framework/typeutils/dynamic_json.go:228.23,232.4 2 0
github.com/microsoft/terraform-provider-fabric/internal/framework/typeutils/dynamic_json.go:234.3,234.17 1 2
github.com/microsoft/terraform-provider-fabric/internal/framework/typeutils/dynamic_json.go:235.25,236.39 1 3
github.com/microsoft/terraform-provider-fabric/internal/framework/typeutils/dynamic_json.go:236.39,238.4 1 1
github.com/microsoft/terraform-provider-fabric/internal/framework/typeutils/dynamic_json.go:240.3,241.17 2 2
github.com/microsoft/terraform-provider-fabric/internal/framework/typeutils/dynamic_json.go:241.17,243.4 1 0
github.com/microsoft/terraform-provider-fabric/internal/framework/typeutils/dynamic_json.go:245.3,246.23 2 2
github.com/microsoft/terraform-provider-fabric/internal/framework/typeutils/dynamic_json.go:246.23,250.4 2 0
github.com/microsoft/terraform-provider-fabric/internal/framework/typeutils/dynamic_json.go:252.3,252.17 1 2
github.com/microsoft/terraform-provider-fabric/internal/framework/typeutils/dynamic_json.go:253.27,254.39 1 3
github.com/microsoft/terraform-provider-fabric/internal/framework/typeutils/dynamic_json.go:254.39,256.4 1 1
github.com/microsoft/terraform-provider-fabric/internal/framework/typeutils/dynamic_json.go:258.3,261.17 3 2
github.com/microsoft/terraform-provider-fabric/internal/framework/typeutils/dynamic_json.go:261.17,263.4 1 0
github.com/microsoft/terraform-provider-fabric/internal/framework/typeutils/dynamic_json.go:265.3,265.35 1 2
github.com/microsoft/terraform-provider-fabric/internal/framework/typeutils/dynamic_json.go:265.35,267.4 1 0
github.com/microsoft/terraform-provider-fabric/internal/framework/typeutils/dynamic_json.go:269.3,271.23 2 2
github.com/microsoft/terraform-provider-fabric/internal/framework/typeutils/dynamic_json.go:271.23,273.18 2 2
github.com/microsoft/terraform-provider-fabric/internal/framework/typeutils/dynamic_json.go:273.18,275.5 1 0
github.com/microsoft/terraform-provider-fabric/internal/framework/typeutils/dynamic_json.go:277.4,277.28 1 2
github.com/microsoft/terraform-provider-fabric/internal/framework/typeutils/dynamic_json.go:280.3,281.23 2 2
github.com/microsoft/terraform-provider-fabric/internal/framework/typeutils/dynamic_json.go:281.23,285.4 2 0
github.com/microsoft/terraform-provider-fabric/internal/framework/typeutils/dynamic_json.go:287.3,287.17 1 2
github.com/microsoft/terraform-provider-fabric/internal/framework/typeutils/dynamic_json.go:288.25,289.39 1 3
github.com/microsoft/terraform-provider-fabric/internal/framework/typeutils/dynamic_json.go:289.39,291.4 1 1
github.com/microsoft/terraform-provider-fabric/internal/framework/typeutils/dynamic_json.go:293.3,296.17 3 2
github.com/microsoft/terraform-provider-fabric/internal/framework/typeutils/dynamic_json.go:296.17,298.4 1 0
github.com/microsoft/terraform-provider-fabric/internal/framework/typeutils/dynamic_json.go:300.3,302.23 2 2
github.com/microsoft/terraform-provider-fabric/internal/framework/typeutils/dynamic_json.go:302.23,304.18 2 1
github.com/microsoft/terraform-provider-fabric/internal/framework/typeutils/dynamic_json.go:304.18,306.5 1 0
github.com/microsoft/terraform-provider-fabric/internal/framework/typeutils/dynamic_json.go:308.4,308.17 1 1
github.com/microsoft/terraform-provider-fabric/internal/framework/typeutils/dynamic_json.go:311.3,312.23 2 2
github.com/microsoft/terraform-provider-fabric/internal/framework/typeutils/dynamic_json.go:312.23,316.4 2 0
github.com/microsoft/terraform-provider-fabric/internal/framework/typeutils/dynamic_json.go:318.3,318.17 1 2
github.com/microsoft/terraform-provider-fabric/internal/framework/typeutils/dynamic_json.go:319.28,320.39 1 6
github.com/microsoft/terraform-provider-fabric/internal/framework/typeutils/dynamic_json.go:320.39,322.4 1 1
github.com/microsoft/terraform-provider-fabric/internal/framework/typeutils/dynamic_json.go:324.3,327.17 3 5
github.com/microsoft/terraform-provider-fabric/internal/framework/typeutils/dynamic_json.go:327.17,329.4 1 0
github.com/microsoft/terraform-provider-fabric/internal/framework/typeutils/dynamic_json.go:331.3,334.38 3 5
github.com/microsoft/terraform-provider-fabric/internal/framework/typeutils/dynamic_json.go:334.38,336.18 2 30
github.com/microsoft/terraform-provider-fabric/internal/framework/typeutils/dynamic_json.go:336.18,338.5 1 0
github.com/microsoft/terraform-provider-fabric/internal/framework/typeutils/dynamic_json.go:340.4,340.17 1 30
github.com/microsoft/terraform-provider-fabric/internal/framework/typeutils/dynamic_json.go:343.3,344.23 2 5
github.com/microsoft/terraform-provider-fabric/internal/framework/typeutils/dynamic_json.go:344.23,348.4 2 0
github.com/microsoft/terraform-provider-fabric/internal/framework/typeutils/dynamic_json.go:350.3,350.17 1 5
github.com/microsoft/terraform-provider-fabric/internal/framework/typeutils/dynamic_json.go:351.29,352.39 1 0
github.com/microsoft/terraform-provider-fabric/internal/framework/typeutils/dynamic_json.go:352.39,354.4 1 0
github.com/microsoft/terraform-provider-fabric/internal/framework/typeutils/dynamic_json.go:356.3,356.33 1 0
github.com/microsoft/terraform-provider-fabric/internal/framework/typeutils/dynamic_json.go:357.10,358.52 1 0
github.com/microsoft/terraform-provider-fabric/internal/framework/typeutils/dynamic_json.go:371.60,372.17 1 1
github.com/microsoft/terraform-provider-fabric/internal/framework/typeutils/dynamic_json.go:372.17,374.3 1 0
github.com/microsoft/terraform-provider-fabric/internal/framework/typeutils/dynamic_json.go:376.2,377.16 2 1
github.com/microsoft/terraform-provider-fabric/internal/framework/typeutils/dynamic_json.go:377.16,379.3 1 0
github.com/microsoft/terraform-provider-fabric/internal/framework/typeutils/dynamic_json.go:381.2,381.35 1 1
github.com/microsoft/terraform-provider-fabric/internal/framework/typeutils/dynamic_json.go:384.72,385.26 1 30
github.com/microsoft/terraform-provider-fabric/internal/framework/typeutils/dynamic_json.go:385.26,387.3 1 10
github.com/microsoft/terraform-provider-fabric/internal/framework/typeutils/dynamic_json.go:389.2,392.16 3 20
github.com/microsoft/terraform-provider-fabric/internal/framework/typeutils/dynamic_json.go:392.16,396.28 3 3
github.com/microsoft/terraform-provider-fabric/internal/framework/typeutils/dynamic_json.go:396.28,398.18 2 23
github.com/microsoft/terraform-provider-fabric/internal/framework/typeutils/dynamic_json.go:398.18,400.5 1 0
github.com/microsoft/terraform-provider-fabric/internal/framework/typeutils/dynamic_json.go:403.3,406.23 3 3
github.com/microsoft/terraform-provider-fabric/internal/framework/typeutils/dynamic_json.go:406.23,410.4 2 0
github.com/microsoft/terraform-provider-fabric/internal/framework/typeutils/dynamic_json.go:412.3,412.23 1 3
github.com/microsoft/terraform-provider-fabric/internal/framework/typeutils/dynamic_json.go:415.2,418.16 3 17
github.com/microsoft/terraform-provider-fabric/internal/framework/typeutils/dynamic_json.go:418.16,422.27 3 3
github.com/microsoft/terraform-provider-fabric/internal/framework/typeutils/dynamic_json.go:422.27,424.18 2 6
github.com/microsoft/terraform-provider-fabric/internal/framework/typeutils/dynamic_json.go:424.18,426.5 1 0
github.com/microsoft/terraform-provider-fabric/internal/framework/typeutils/dynamic_json.go:428.4,429.31 2 6
github.com/microsoft/terraform-provider-fabric/internal/framework/typeutils/dynamic_json.go:432.3,435.23 3 3
github.com/microsoft/terraform-provider-fabric/internal/framework/typeutils/dynamic_json.go:435.23,439.4 2 0
github.com/microsoft/terraform-provider-fabric/internal/framework/typeutils/dynamic_json.go:441.3,441.23 1 3
github.com/microsoft/terraform-provider-fabric/internal/framework/typeutils/dynamic_json.go:445.2,448.16 3 14
github.com/microsoft/terraform-provider-fabric/internal/framework/typeutils/dynamic_json.go:448.16,450.3 1 0
github.com/microsoft/terraform-provider-fabric/internal/framework/typeutils/dynamic_json.go:452.2,452.23 1 14
github.com/microsoft/terraform-provider-fabric/internal/framework/typeutils/dynamic_json.go:453.12,454.49 1 8
github.com/microsoft/terraform-provider-fabric/internal/framework/typeutils/dynamic_json.go:455.15,456.67 1 3
github.com/microsoft/terraform-provider-fabric/internal/framework/typeutils/dynamic_json.go:457.14,458.53 1 3
github.com/microsoft/terraform-provider-fabric/internal/framework/typeutils/dynamic_json.go:459.11,460.53 1 0
github.com/microsoft/terraform-provider-fabric/internal/framework/typeutils/dynamic_json.go:461.10,462.55 1 0
github.com/microsoft/terraform-provider-fabric/internal/framework/typeutils/dynamic_json.go:470.40,471.16 1 0
github.com/microsoft/terraform-provider-fabric/internal/framework/typeutils/dynamic_json.go:471.16,473.3 1 0
github.com/microsoft/terraform-provider-fabric/internal/framework/typeutils/dynamic_json.go:475.2,475.21 1 0
github.com/microsoft/terraform-provider-fabric/internal/framework/typeutils/dynamic_json.go:475.21,477.3 1 0
github.com/microsoft/terraform-provider-fabric/internal/framework/typeutils/dynamic_json.go:479.2,479.25 1 0
github.com/microsoft/terraform-provider-fabric/internal/framework/typeutils/dynamic_json.go:480.21,481.43 1 0
github.com/microsoft/terraform-provider-fabric/internal/framework/typeutils/dynamic_json.go:482.18,483.34 1 0
github.com/microsoft/terraform-provider-fabric/internal/framework/typeutils/dynamic_json.go:483.34,484.24 1 0
github.com/microsoft/terraform-provider-fabric/internal/framework/typeutils/dynamic_json.go:484.24,486.5 1 0
github.com/microsoft/terraform-provider-fabric/internal/framework/typeutils/dynamic_json.go:489.3,489.14 1 0
github.com/microsoft/terraform-provider-fabric/internal/framework/typeutils/dynamic_json.go:490.17,491.34 1 0
github.com/microsoft/terraform-provider-fabric/internal/framework/typeutils/dynamic_json.go:491.34,492.24 1 0
github.com/microsoft/terraform-provider-fabric/internal/framework/typeutils/dynamic_json.go:492.24,494.5 1 0
github.com/microsoft/terraform-provider-fabric/internal/framework/typeutils/dynamic_json.go:497.3,497.14 1 0
github.com/microsoft/terraform-provider-fabric/internal/framework/typeutils/dynamic_json.go:498.19,499.34 1 0
github.com/microsoft/terraform-provider-fabric/internal/framework/typeutils/dynamic_json.go:499.34,500.24 1 0
github.com/microsoft/terraform-provider-fabric/internal/framework/typeutils/dynamic_json.go:500.24,502.5 1 0
github.com/microsoft/terraform-provider-fabric/internal/framework/typeutils/dynamic_json.go:505.3,505.14 1 0
github.com/microsoft/terraform-provider-fabric/internal/framework/typeutils/dynamic_json.go:506.17,507.34 1 0
github.com/microsoft/terraform-provider-fabric/internal/framework/typeutils/dynamic_json.go:507.34,508.24 1 0
github.com/microsoft/terraform-provider-fabric/internal/framework/typeutils/dynamic_json.go:508.24,510.5 1 0
github.com/microsoft/terraform-provider-fabric/internal/framework/typeutils/dynamic_json.go:513.3,513.14 1 0
github.com/microsoft/terraform-provider-fabric/internal/framework/typeutils/dynamic_json.go:514.20,515.36 1 0
github.com/microsoft/terraform-provider-fabric/internal/framework/typeutils/dynamic_json.go:515.36,516.24 1 0
github.com/microsoft/terraform-provider-fabric/internal/framework/typeutils/dynamic_json.go:516.24,518.5 1 0
github.com/microsoft/terraform-provider-fabric/internal/framework/typeutils/dynamic_json.go:521.3,521.14 1 0
github.com/microsoft/terraform-provider-fabric/internal/framework/typeutils/dynamic_json.go:522.10,523.14 1 0
github.com/microsoft/terraform-provider-fabric/internal/framework/typeutils/dynamic_json.go:527.49,529.16 2 0
github.com/microsoft/terraform-provider-fabric/internal/framework/typeutils/dynamic_json.go:529.16,531.3 1 0
github.com/microsoft/terraform-provider-fabric/internal/framework/typeutils/dynamic_json.go:533.2,534.16 2 0
github.com/microsoft/terraform-provider-fabric/internal/framework/typeutils/dynamic_json.go:534.16,536.3 1 0
github.com/microsoft/terraform-provider-fabric/internal/framework/typeutils/dynamic_json.go:538.2,539.16 2 0
github.com/microsoft/terraform-provider-fabric/internal/framework/typeutils/dynamic_json.go:539.16,541.3 1 0
github.com/microsoft/terraform-provider-fabric/internal/framework/typeutils/dynamic_json.go:543.2,546.16 3 0
github.com/microsoft/terraform-provider-fabric/internal/framework/typeutils/dynamic_json.go:546.16,548.3 1 0
github.com/microsoft/terraform-provider-fabric/internal/framework/typeutils/dynamic_json.go:550.2,552.37 2 0
github.com/microsoft/terraform-provider-fabric/internal/auth/credential.go:20.118,26.2 1 12
github.com/microsoft/terraform-provider-fabric/internal/auth/credential.go:29.60,32.20 2 12
github.com/microsoft/terraform-provider-fabric/internal/auth/credential.go:33.23,39.60 2 1
github.com/microsoft/terraform-provider-fabric/internal/auth/credential.go:41.38,50.60 3 1
github.com/microsoft/terraform-provider-fabric/internal/auth/credential.go:52.40,59.60 2 1
github.com/microsoft/terraform-provider-fabric/internal/auth/credential.go:61.49,66.60 2 2
github.com/microsoft/terraform-provider-fabric/internal/auth/credential.go:68.32,77.60 3 2
github.com/microsoft/terraform-provider-fabric/internal/auth/credential.go:79.39,87.60 2 2
github.com/microsoft/terraform-provider-fabric/internal/auth/credential.go:89.34,97.60 2 2
github.com/microsoft/terraform-provider-fabric/internal/auth/credential.go:99.10,105.60 2 1
github.com/microsoft/terraform-provider-fabric/internal/auth/credential.go:110.63,111.9 1 12
github.com/microsoft/terraform-provider-fabric/internal/auth/credential.go:112.40,113.101 1 1
github.com/microsoft/terraform-provider-fabric/internal/auth/credential.go:115.18,116.105 1 1
github.com/microsoft/terraform-provider-fabric/internal/auth/credential.go:118.68,119.168 1 2
github.com/microsoft/terraform-provider-fabric/internal/auth/credential.go:121.19,122.80 1 2
github.com/microsoft/terraform-provider-fabric/internal/auth/credential.go:124.21,125.69 1 1
github.com/microsoft/terraform-provider-fabric/internal/auth/credential.go:127.18,128.56 1 1
github.com/microsoft/terraform-provider-fabric/internal/auth/credential.go:130.58,131.95 1 2
github.com/microsoft/terraform-provider-fabric/internal/auth/credential.go:133.52,134.85 1 2
github.com/microsoft/terraform-provider-fabric/internal/auth/credential.go:136.10,137.56 1 0
github.com/microsoft/terraform-provider-fabric/internal/auth/oidc.go:16.72,17.19 1 0
github.com/microsoft/terraform-provider-fabric/internal/auth/oidc.go:17.19,19.3 1 0
github.com/microsoft/terraform-provider-fabric/internal/auth/oidc.go:21.2,22.16 2 0
github.com/microsoft/terraform-provider-fabric/internal/auth/oidc.go:22.16,24.3 1 0
github.com/microsoft/terraform-provider-fabric/internal/auth/oidc.go:26.2,27.16 2 0
github.com/microsoft/terraform-provider-fabric/internal/auth/oidc.go:27.16,29.3 1 0
github.com/microsoft/terraform-provider-fabric/internal/auth/oidc.go:31.2,31.33 1 0
github.com/microsoft/terraform-provider-fabric/internal/auth/oidc.go:31.33,34.3 2 0
github.com/microsoft/terraform-provider-fabric/internal/auth/oidc.go:36.2,41.16 5 0
github.com/microsoft/terraform-provider-fabric/internal/auth/oidc.go:41.16,43.3 1 0
github.com/microsoft/terraform-provider-fabric/internal/auth/oidc.go:45.2,48.16 3 0
github.com/microsoft/terraform-provider-fabric/internal/auth/oidc.go:48.16,50.3 1 0
github.com/microsoft/terraform-provider-fabric/internal/auth/oidc.go:52.2,52.70 1 0
github.com/microsoft/terraform-provider-fabric/internal/auth/oidc.go:52.70,54.3 1 0
github.com/microsoft/terraform-provider-fabric/internal/auth/oidc.go:56.2,62.16 3 0
github.com/microsoft/terraform-provider-fabric/internal/auth/oidc.go:62.16,64.3 1 0
github.com/microsoft/terraform-provider-fabric/internal/auth/oidc.go:66.2,66.28 1 0
github.com/microsoft/terraform-provider-fabric/internal/auth/oidc.go:66.28,68.3 1 0
github.com/microsoft/terraform-provider-fabric/internal/auth/oidc.go:70.2,70.30 1 0
github.com/microsoft/terraform-provider-fabric/internal/auth/utils.go:17.55,19.16 2 2
github.com/microsoft/terraform-provider-fabric/internal/auth/utils.go:19.16,21.3 1 0
github.com/microsoft/terraform-provider-fabric/internal/auth/utils.go:23.2,25.17 2 2
github.com/microsoft/terraform-provider-fabric/internal/auth/utils.go:28.96,30.16 2 6
github.com/microsoft/terraform-provider-fabric/internal/auth/utils.go:30.16,32.3 1 2
github.com/microsoft/terraform-provider-fabric/internal/auth/utils.go:34.2,35.16 2 4
github.com/microsoft/terraform-provider-fabric/internal/auth/utils.go:35.16,37.3 1 1
github.com/microsoft/terraform-provider-fabric/internal/auth/utils.go:39.2,39.24 1 3
github.com/microsoft/terraform-provider-fabric/internal/auth/utils.go:42.54,43.15 1 6
github.com/microsoft/terraform-provider-fabric/internal/auth/utils.go:43.15,45.3 1 1
github.com/microsoft/terraform-provider-fabric/internal/auth/utils.go:47.2,48.16 2 5
github.com/microsoft/terraform-provider-fabric/internal/auth/utils.go:48.16,50.3 1 1
github.com/microsoft/terraform-provider-fabric/internal/auth/utils.go:52.2,52.17 1 4
github.com/microsoft/terraform-provider-fabric/internal/auth/utils.go:55.106,59.16 3 4
github.com/microsoft/terraform-provider-fabric/internal/auth/utils.go:59.16,61.3 1 1
github.com/microsoft/terraform-provider-fabric/internal/auth/utils.go:63.2,63.17 1 3
github.com/microsoft/terraform-provider-fabric/internal/auth/utils.go:63.17,65.3 1 0
github.com/microsoft/terraform-provider-fabric/internal/auth/utils.go:67.2,69.24 2 3
github.com/microsoft/terraform-provider-fabric/internal/framework/validators/patterns_if_attribute_is_one_of.go:42.151,49.2 1 7
github.com/microsoft/terraform-provider-fabric/internal/framework/validators/patterns_if_attribute_is_one_of.go:51.84,52.21 1 4
github.com/microsoft/terraform-provider-fabric/internal/framework/validators/patterns_if_attribute_is_one_of.go:52.21,54.3 1 1
github.com/microsoft/terraform-provider-fabric/internal/framework/validators/patterns_if_attribute_is_one_of.go:56.2,56.97 1 3
github.com/microsoft/terraform-provider-fabric/internal/framework/validators/patterns_if_attribute_is_one_of.go:59.94,61.2 1 0
github.com/microsoft/terraform-provider-fabric/internal/framework/validators/patterns_if_attribute_is_one_of.go:63.143,75.2 4 0
github.com/microsoft/terraform-provider-fabric/internal/framework/validators/patterns_if_attribute_is_one_of.go:77.157,79.33 1 7
github.com/microsoft/terraform-provider-fabric/internal/framework/validators/patterns_if_attribute_is_one_of.go:79.33,81.3 1 1
github.com/microsoft/terraform-provider-fabric/internal/framework/validators/patterns_if_attribute_is_one_of.go:83.2,86.33 3 6
github.com/microsoft/terraform-provider-fabric/internal/framework/validators/patterns_if_attribute_is_one_of.go:86.33,88.3 1 0
github.com/microsoft/terraform-provider-fabric/internal/framework/validators/patterns_if_attribute_is_one_of.go:90.2,90.21 1 6
github.com/microsoft/terraform-provider-fabric/internal/framework/validators/patterns_if_attribute_is_one_of.go:90.21,97.3 2 0
github.com/microsoft/terraform-provider-fabric/internal/framework/validators/patterns_if_attribute_is_one_of.go:99.2,99.26 1 6
github.com/microsoft/terraform-provider-fabric/internal/framework/validators/patterns_if_attribute_is_one_of.go:99.26,103.23 3 6
github.com/microsoft/terraform-provider-fabric/internal/framework/validators/patterns_if_attribute_is_one_of.go:103.23,110.4 2 0
github.com/microsoft/terraform-provider-fabric/internal/framework/validators/patterns_if_attribute_is_one_of.go:113.3,113.42 1 6
github.com/microsoft/terraform-provider-fabric/internal/framework/validators/patterns_if_attribute_is_one_of.go:113.42,115.4 1 0
github.com/microsoft/terraform-provider-fabric/internal/framework/validators/patterns_if_attribute_is_one_of.go:117.3,117.50 1 6
github.com/microsoft/terraform-provider-fabric/internal/framework/validators/patterns_if_attribute_is_one_of.go:117.50,119.34 1 6
github.com/microsoft/terraform-provider-fabric/internal/framework/validators/patterns_if_attribute_is_one_of.go:119.34,120.33 1 6
github.com/microsoft/terraform-provider-fabric/internal/framework/validators/patterns_if_attribute_is_one_of.go:120.33,130.6 2 1
github.com/microsoft/terraform-provider-fabric/internal/framework/validators/patterns_if_attribute_is_one_of.go:132.5,133.19 2 5
github.com/microsoft/terraform-provider-fabric/internal/framework/validators/patterns_if_attribute_is_one_of.go:133.19,140.6 2 0
github.com/microsoft/terraform-provider-fabric/internal/framework/validators/patterns_if_attribute_is_one_of.go:142.5,144.31 2 5
github.com/microsoft/terraform-provider-fabric/internal/framework/validators/patterns_if_attribute_is_one_of.go:144.31,150.6 1 3
github.com/microsoft/terraform-provider-fabric/internal/framework/validators/patterns_if_attribute_is_one_of.go:156.113,161.35 3 5
github.com/microsoft/terraform-provider-fabric/internal/framework/validators/patterns_if_attribute_is_one_of.go:161.35,163.43 2 11
github.com/microsoft/terraform-provider-fabric/internal/framework/validators/patterns_if_attribute_is_one_of.go:163.43,165.4 1 6
github.com/microsoft/terraform-provider-fabric/internal/framework/validators/patterns_if_attribute_is_one_of.go:168.2,174.16 5 5
github.com/microsoft/terraform-provider-fabric/internal/framework/validators/patterns_if_attribute_is_one_of.go:174.16,176.3 1 0
github.com/microsoft/terraform-provider-fabric/internal/framework/validators/patterns_if_attribute_is_one_of.go:178.2,178.16 1 5
github.com/microsoft/terraform-provider-fabric/internal/framework/customtypes/case_insensitive_string.go:10.64,14.2 1 0
github.com/microsoft/terraform-provider-fabric/internal/framework/customtypes/case_insensitive_string.go:16.62,20.2 1 0
github.com/microsoft/terraform-provider-fabric/internal/framework/customtypes/case_insensitive_string.go:22.72,26.2 1 10
github.com/microsoft/terraform-provider-fabric/internal/framework/customtypes/case_insensitive_string.go:28.80,32.2 1 0
github.com/microsoft/terraform-provider-fabric/internal/framework/customtypes/case_insensitive_string_type.go:22.50,24.2 1 0
github.com/microsoft/terraform-provider-fabric/internal/framework/customtypes/case_insensitive_string_type.go:26.60,28.9 2 0
github.com/microsoft/terraform-provider-fabric/internal/framework/customtypes/case_insensitive_string_type.go:28.9,30.3 1 0
github.com/microsoft/terraform-provider-fabric/internal/framework/customtypes/case_insensitive_string_type.go:32.2,32.45 1 0
github.com/microsoft/terraform-provider-fabric/internal/framework/customtypes/case_insensitive_string_type.go:35.72,37.2 1 0
github.com/microsoft/terraform-provider-fabric/internal/framework/customtypes/case_insensitive_string_type.go:39.142,42.17 2 0
github.com/microsoft/terraform-provider-fabric/internal/framework/customtypes/case_insensitive_string_type.go:42.17,44.3 1 0
github.com/microsoft/terraform-provider-fabric/internal/framework/customtypes/case_insensitive_string_type.go:46.2,46.20 1 0
github.com/microsoft/terraform-provider-fabric/internal/framework/customtypes/case_insensitive_string_type.go:46.20,48.3 1 0
github.com/microsoft/terraform-provider-fabric/internal/framework/customtypes/case_insensitive_string_type.go:50.2,52.10 1 0
github.com/microsoft/terraform-provider-fabric/internal/framework/customtypes/case_insensitive_string_type.go:55.114,57.16 2 0
github.com/microsoft/terraform-provider-fabric/internal/framework/customtypes/case_insensitive_string_type.go:57.16,59.3 1 0
github.com/microsoft/terraform-provider-fabric/internal/framework/customtypes/case_insensitive_string_type.go:61.2,62.9 2 0
github.com/microsoft/terraform-provider-fabric/internal/framework/customtypes/case_insensitive_string_type.go:62.9,64.3 1 0
github.com/microsoft/terraform-provider-fabric/internal/framework/customtypes/case_insensitive_string_type.go:66.2,67.22 2 0
github.com/microsoft/terraform-provider-fabric/internal/framework/customtypes/case_insensitive_string_type.go:67.22,69.3 1 0
github.com/microsoft/terraform-provider-fabric/internal/framework/customtypes/case_insensitive_string_type.go:71.2,71.28 1 0
github.com/microsoft/terraform-provider-fabric/internal/framework/customtypes/case_insensitive_string_value.go:27.67,29.2 1 0
github.com/microsoft/terraform-provider-fabric/internal/framework/customtypes/case_insensitive_string_value.go:31.62,33.9 2 0
github.com/microsoft/terraform-provider-fabric/internal/framework/customtypes/case_insensitive_string_value.go:33.9,35.3 1 0
github.com/microsoft/terraform-provider-fabric/internal/framework/customtypes/case_insensitive_string_value.go:37.2,37.47 1 0
github.com/microsoft/terraform-provider-fabric/internal/framework/customtypes/case_insensitive_string_value.go:40.142,44.9 3 5
github.com/microsoft/terraform-provider-fabric/internal/framework/customtypes/case_insensitive_string_value.go:44.9,54.3 2 0
github.com/microsoft/terraform-provider-fabric/internal/framework/customtypes/case_insensitive_string_value.go:56.2,59.22 3 5
github.com/microsoft/terraform-provider-fabric/internal/framework/customtypes/case_insensitive_string_value.go:59.22,61.3 1 0
github.com/microsoft/terraform-provider-fabric/internal/framework/customtypes/case_insensitive_string_value.go:63.2,66.22 3 5
github.com/microsoft/terraform-provider-fabric/internal/framework/customtypes/case_insensitive_string_value.go:66.22,68.3 1 0
github.com/microsoft/terraform-provider-fabric/internal/framework/customtypes/case_insensitive_string_value.go:70.2,70.73 1 5
github.com/microsoft/terraform-provider-fabric/internal/framework/customtypes/url.go:11.23,15.2 1 5
github.com/microsoft/terraform-provider-fabric/internal/framework/customtypes/url.go:17.26,21.2 1 5
github.com/microsoft/terraform-provider-fabric/internal/framework/customtypes/url.go:23.36,27.2 1 18
github.com/microsoft/terraform-provider-fabric/internal/framework/customtypes/url.go:29.44,33.2 1 0
github.com/microsoft/terraform-provider-fabric/internal/framework/customtypes/url.go:35.60,39.22 3 0
github.com/microsoft/terraform-provider-fabric/internal/framework/customtypes/url.go:39.22,41.3 1 0
github.com/microsoft/terraform-provider-fabric/internal/framework/customtypes/url.go:43.2,43.15 1 0
github.com/microsoft/terraform-provider-fabric/internal/framework/customtypes/url.go:46.68,50.22 3 0
github.com/microsoft/terraform-provider-fabric/internal/framework/customtypes/url.go:50.22,52.3 1 0
github.com/microsoft/terraform-provider-fabric/internal/framework/customtypes/url.go:54.2,54.15 1 0
github.com/microsoft/terraform-provider-fabric/internal/framework/customtypes/url_type.go:22.34,24.2 1 0
github.com/microsoft/terraform-provider-fabric/internal/framework/customtypes/url_type.go:26.42,28.9 2 0
github.com/microsoft/terraform-provider-fabric/internal/framework/customtypes/url_type.go:28.9,30.3 1 0
github.com/microsoft/terraform-provider-fabric/internal/framework/customtypes/url_type.go:32.2,32.45 1 0
github.com/microsoft/terraform-provider-fabric/internal/framework/customtypes/url_type.go:35.58,37.2 1 0
github.com/microsoft/terraform-provider-fabric/internal/framework/customtypes/url_type.go:39.124,42.17 2 3
github.com/microsoft/terraform-provider-fabric/internal/framework/customtypes/url_type.go:42.17,44.3 1 1
github.com/microsoft/terraform-provider-fabric/internal/framework/customtypes/url_type.go:46.2,46.20 1 2
github.com/microsoft/terraform-provider-fabric/internal/framework/customtypes/url_type.go:46.20,48.3 1 1
github.com/microsoft/terraform-provider-fabric/internal/framework/customtypes/url_type.go:50.2,52.8 1 1
github.com/microsoft/terraform-provider-fabric/internal/framework/customtypes/url_type.go:55.96,57.16 2 4
github.com/microsoft/terraform-provider-fabric/internal/framework/customtypes/url_type.go:57.16,59.3 1 1
github.com/microsoft/terraform-provider-fabric/internal/framework/customtypes/url_type.go:61.2,62.9 2 3
github.com/microsoft/terraform-provider-fabric/internal/framework/customtypes/url_type.go:62.9,64.3 1 0
github.com/microsoft/terraform-provider-fabric/internal/framework/customtypes/url_type.go:66.2,67.22 2 3
github.com/microsoft/terraform-provider-fabric/internal/framework/customtypes/url_type.go:67.22,69.3 1 0
github.com/microsoft/terraform-provider-fabric/internal/framework/customtypes/url_type.go:71.2,71.28 1 3
github.com/microsoft/terraform-provider-fabric/internal/framework/customtypes/url_value.go:37.53,39.2 1 0
github.com/microsoft/terraform-provider-fabric/internal/framework/customtypes/url_value.go:41.44,43.9 2 3
github.com/microsoft/terraform-provider-fabric/internal/framework/customtypes/url_value.go:43.9,45.3 1 0
github.com/microsoft/terraform-provider-fabric/internal/framework/customtypes/url_value.go:47.2,47.47 1 3
github.com/microsoft/terraform-provider-fabric/internal/framework/customtypes/url_value.go:50.122,54.9 3 0
github.com/microsoft/terraform-provider-fabric/internal/framework/customtypes/url_value.go:54.9,64.3 2 0
github.com/microsoft/terraform-provider-fabric/internal/framework/customtypes/url_value.go:66.2,67.16 2 0
github.com/microsoft/terraform-provider-fabric/internal/framework/customtypes/url_value.go:67.16,69.3 1 0
github.com/microsoft/terraform-provider-fabric/internal/framework/customtypes/url_value.go:71.2,72.16 2 0
github.com/microsoft/terraform-provider-fabric/internal/framework/customtypes/url_value.go:72.16,74.3 1 0
github.com/microsoft/terraform-provider-fabric/internal/framework/customtypes/url_value.go:76.2,76.22 1 0
github.com/microsoft/terraform-provider-fabric/internal/framework/customtypes/url_value.go:76.22,78.3 1 0
github.com/microsoft/terraform-provider-fabric/internal/framework/customtypes/url_value.go:80.2,80.32 1 0
github.com/microsoft/terraform-provider-fabric/internal/framework/customtypes/url_value.go:83.131,84.33 1 11
github.com/microsoft/terraform-provider-fabric/internal/framework/customtypes/url_value.go:84.33,86.3 1 3
github.com/microsoft/terraform-provider-fabric/internal/framework/customtypes/url_value.go:88.2,89.16 2 8
github.com/microsoft/terraform-provider-fabric/internal/framework/customtypes/url_value.go:89.16,97.3 2 4
github.com/microsoft/terraform-provider-fabric/internal/framework/customtypes/url_value.go:100.137,101.33 1 11
github.com/microsoft/terraform-provider-fabric/internal/framework/customtypes/url_value.go:101.33,103.3 1 3
github.com/microsoft/terraform-provider-fabric/internal/framework/customtypes/url_value.go:105.2,106.16 2 8
github.com/microsoft/terraform-provider-fabric/internal/framework/customtypes/url_value.go:106.16,113.3 2 4
github.com/microsoft/terraform-provider-fabric/internal/framework/customtypes/url_value.go:116.57,119.16 2 3
github.com/microsoft/terraform-provider-fabric/internal/framework/customtypes/url_value.go:119.16,123.3 2 1
github.com/microsoft/terraform-provider-fabric/internal/framework/customtypes/url_value.go:125.2,125.19 1 2
github.com/microsoft/terraform-provider-fabric/internal/framework/customtypes/url_value.go:125.19,129.3 2 1
github.com/microsoft/terraform-provider-fabric/internal/framework/customtypes/url_value.go:131.2,132.16 2 1
github.com/microsoft/terraform-provider-fabric/internal/framework/customtypes/url_value.go:132.16,139.3 2 0
github.com/microsoft/terraform-provider-fabric/internal/framework/customtypes/url_value.go:141.2,141.19 1 1
github.com/microsoft/terraform-provider-fabric/internal/framework/customtypes/url_value.go:144.55,146.36 2 17
github.com/microsoft/terraform-provider-fabric/internal/framework/customtypes/url_value.go:146.36,148.30 2 8
github.com/microsoft/terraform-provider-fabric/internal/framework/customtypes/url_value.go:148.30,150.4 1 4
github.com/microsoft/terraform-provider-fabric/internal/framework/customtypes/url_value.go:150.9,152.4 1 4
github.com/microsoft/terraform-provider-fabric/internal/framework/customtypes/url_value.go:154.3,154.17 1 8
github.com/microsoft/terraform-provider-fabric/internal/framework/customtypes/url_value.go:157.2,157.28 1 9
github.com/microsoft/terraform-provider-fabric/internal/framework/customtypes/uuid.go:11.25,15.2 1 5
github.com/microsoft/terraform-provider-fabric/internal/framework/customtypes/uuid.go:17.28,21.2 1 5
github.com/microsoft/terraform-provider-fabric/internal/framework/customtypes/uuid.go:23.38,27.2 1 16
github.com/microsoft/terraform-provider-fabric/internal/framework/customtypes/uuid.go:29.46,33.2 1 0
github.com/microsoft/terraform-provider-fabric/internal/framework/customtypes/uuid.go:35.62,39.22 3 0
github.com/microsoft/terraform-provider-fabric/internal/framework/customtypes/uuid.go:39.22,41.3 1 0
github.com/microsoft/terraform-provider-fabric/internal/framework/customtypes/uuid.go:43.2,43.15 1 0
github.com/microsoft/terraform-provider-fabric/internal/framework/customtypes/uuid.go:46.70,50.22 3 0
github.com/microsoft/terraform-provider-fabric/internal/framework/customtypes/uuid.go:50.22,52.3 1 0
github.com/microsoft/terraform-provider-fabric/internal/framework/customtypes/uuid.go:54.2,54.15 1 0
github.com/microsoft/terraform-provider-fabric/internal/framework/customtypes/uuid_type.go:22.35,24.2 1 0
github.com/microsoft/terraform-provider-fabric/internal/framework/customtypes/uuid_type.go:26.43,28.9 2 0
github.com/microsoft/terraform-provider-fabric/internal/framework/customtypes/uuid_type.go:28.9,30.3 1 0
github.com/microsoft/terraform-provider-fabric/internal/framework/customtypes/uuid_type.go:32.2,32.45 1 0
github.com/microsoft/terraform-provider-fabric/internal/framework/customtypes/uuid_type.go:35.59,37.2 1 0
github.com/microsoft/terraform-provider-fabric/internal/framework/customtypes/uuid_type.go:39.125,42.17 2 3
github.com/microsoft/terraform-provider-fabric/internal/framework/customtypes/uuid_type.go:42.17,44.3 1 1
github.com/microsoft/terraform-provider-fabric/internal/framework/customtypes/uuid_type.go:46.2,46.20 1 2
github.com/microsoft/terraform-provider-fabric/internal/framework/customtypes/uuid_type.go:46.20,48.3 1 1
github.com/microsoft/terraform-provider-fabric/internal/framework/customtypes/uuid_type.go:50.2,52.10 1 1
github.com/microsoft/terraform-provider-fabric/internal/framework/customtypes/uuid_type.go:55.97,57.16 2 4
github.com/microsoft/terraform-provider-fabric/internal/framework/customtypes/uuid_type.go:57.16,59.3 1 1
github.com/microsoft/terraform-provider-fabric/internal/framework/customtypes/uuid_type.go:61.2,62.9 2 3
github.com/microsoft/terraform-provider-fabric/internal/framework/customtypes/uuid_type.go:62.9,64.3 1 0
github.com/microsoft/terraform-provider-fabric/internal/framework/customtypes/uuid_type.go:66.2,67.22 2 3
github.com/microsoft/terraform-provider-fabric/internal/framework/customtypes/uuid_type.go:67.22,69.3 1 0
github.com/microsoft/terraform-provider-fabric/internal/framework/customtypes/uuid_type.go:71.2,71.28 1 3
github.com/microsoft/terraform-provider-fabric/internal/framework/customtypes/uuid_value.go:37.54,39.2 1 0
github.com/microsoft/terraform-provider-fabric/internal/framework/customtypes/uuid_value.go:41.45,43.9 2 3
github.com/microsoft/terraform-provider-fabric/internal/framework/customtypes/uuid_value.go:43.9,45.3 1 0
github.com/microsoft/terraform-provider-fabric/internal/framework/customtypes/uuid_value.go:47.2,47.47 1 3
github.com/microsoft/terraform-provider-fabric/internal/framework/customtypes/uuid_value.go:50.123,54.9 3 0
github.com/microsoft/terraform-provider-fabric/internal/framework/customtypes/uuid_value.go:54.9,64.3 2 0
github.com/microsoft/terraform-provider-fabric/internal/framework/customtypes/uuid_value.go:66.2,67.16 2 0
github.com/microsoft/terraform-provider-fabric/internal/framework/customtypes/uuid_value.go:67.16,69.3 1 0
github.com/microsoft/terraform-provider-fabric/internal/framework/customtypes/uuid_value.go:71.2,72.16 2 0
github.com/microsoft/terraform-provider-fabric/internal/framework/customtypes/uuid_value.go:72.16,74.3 1 0
github.com/microsoft/terraform-provider-fabric/internal/framework/customtypes/uuid_value.go:76.2,76.22 1 0
github.com/microsoft/terraform-provider-fabric/internal/framework/customtypes/uuid_value.go:76.22,78.3 1 0
github.com/microsoft/terraform-provider-fabric/internal/framework/customtypes/uuid_value.go:80.2,80.51 1 0
github.com/microsoft/terraform-provider-fabric/internal/framework/customtypes/uuid_value.go:83.132,84.33 1 10
github.com/microsoft/terraform-provider-fabric/internal/framework/customtypes/uuid_value.go:84.33,86.3 1 3
github.com/microsoft/terraform-provider-fabric/internal/framework/customtypes/uuid_value.go:88.2,89.16 2 7
github.com/microsoft/terraform-provider-fabric/internal/framework/customtypes/uuid_value.go:89.16,97.3 2 4
github.com/microsoft/terraform-provider-fabric/internal/framework/customtypes/uuid_value.go:100.138,101.33 1 10
github.com/microsoft/terraform-provider-fabric/internal/framework/customtypes/uuid_value.go:101.33,103.3 1 3
github.com/microsoft/terraform-provider-fabric/internal/framework/customtypes/uuid_value.go:105.2,106.16 2 7
github.com/microsoft/terraform-provider-fabric/internal/framework/customtypes/uuid_value.go:106.16,113.3 2 4
github.com/microsoft/terraform-provider-fabric/internal/framework/customtypes/uuid_value.go:116.59,119.16 2 3
github.com/microsoft/terraform-provider-fabric/internal/framework/customtypes/uuid_value.go:119.16,123.3 2 1
github.com/microsoft/terraform-provider-fabric/internal/framework/customtypes/uuid_value.go:125.2,125.19 1 2
github.com/microsoft/terraform-provider-fabric/internal/framework/customtypes/uuid_value.go:125.19,129.3 2 1
github.com/microsoft/terraform-provider-fabric/internal/framework/customtypes/uuid_value.go:131.2,132.16 2 1
github.com/microsoft/terraform-provider-fabric/internal/framework/customtypes/uuid_value.go:132.16,139.3 2 0
github.com/microsoft/terraform-provider-fabric/internal/framework/customtypes/uuid_value.go:141.2,141.27 1 1
github.com/microsoft/terraform-provider-fabric/internal/pkg/fabricitem/data_item.go:37.81,39.2 1 0
github.com/microsoft/terraform-provider-fabric/internal/pkg/fabricitem/data_item.go:41.125,43.2 1 0
github.com/microsoft/terraform-provider-fabric/internal/pkg/fabricitem/data_item.go:45.121,47.2 1 0
github.com/microsoft/terraform-provider-fabric/internal/pkg/fabricitem/data_item.go:49.97,50.27 1 0
github.com/microsoft/terraform-provider-fabric/internal/pkg/fabricitem/data_item.go:50.27,61.3 1 0
github.com/microsoft/terraform-provider-fabric/internal/pkg/fabricitem/data_item.go:63.2,63.39 1 0
github.com/microsoft/terraform-provider-fabric/internal/pkg/fabricitem/data_item.go:66.130,67.29 1 0
github.com/microsoft/terraform-provider-fabric/internal/pkg/fabricitem/data_item.go:67.29,69.3 1 0
github.com/microsoft/terraform-provider-fabric/internal/pkg/fabricitem/data_item.go:71.2,72.9 2 0
github.com/microsoft/terraform-provider-fabric/internal/pkg/fabricitem/data_item.go:72.9,79.3 2 0
github.com/microsoft/terraform-provider-fabric/internal/pkg/fabricitem/data_item.go:81.2,84.138 3 0
github.com/microsoft/terraform-provider-fabric/internal/pkg/fabricitem/data_item.go:84.138,86.3 1 0
github.com/microsoft/terraform-provider-fabric/internal/pkg/fabricitem/data_item.go:89.117,96.89 3 0
github.com/microsoft/terraform-provider-fabric/internal/pkg/fabricitem/data_item.go:96.89,98.3 1 0
github.com/microsoft/terraform-provider-fabric/internal/pkg/fabricitem/data_item.go:100.2,101.68 2 0
github.com/microsoft/terraform-provider-fabric/internal/pkg/fabricitem/data_item.go:101.68,103.3 1 0
github.com/microsoft/terraform-provider-fabric/internal/pkg/fabricitem/data_item.go:105.2,108.33 3 0
github.com/microsoft/terraform-provider-fabric/internal/pkg/fabricitem/data_item.go:108.33,110.3 1 0
github.com/microsoft/terraform-provider-fabric/internal/pkg/fabricitem/data_item.go:110.8,112.3 1 0
github.com/microsoft/terraform-provider-fabric/internal/pkg/fabricitem/data_item.go:114.2,114.68 1 0
github.com/microsoft/terraform-provider-fabric/internal/pkg/fabricitem/data_item.go:114.68,116.3 1 0
github.com/microsoft/terraform-provider-fabric/internal/pkg/fabricitem/data_item.go:118.2,124.33 3 0
github.com/microsoft/terraform-provider-fabric/internal/pkg/fabricitem/data_item.go:124.33,126.3 1 0
github.com/microsoft/terraform-provider-fabric/internal/pkg/fabricitem/data_item.go:129.112,133.92 3 0
github.com/microsoft/terraform-provider-fabric/internal/pkg/fabricitem/data_item.go:133.92,135.3 1 0
github.com/microsoft/terraform-provider-fabric/internal/pkg/fabricitem/data_item.go:137.2,139.12 2 0
github.com/microsoft/terraform-provider-fabric/internal/pkg/fabricitem/data_item.go:142.121,152.19 5 0
github.com/microsoft/terraform-provider-fabric/internal/pkg/fabricitem/data_item.go:152.19,154.93 2 0
github.com/microsoft/terraform-provider-fabric/internal/pkg/fabricitem/data_item.go:154.93,156.4 1 0
github.com/microsoft/terraform-provider-fabric/internal/pkg/fabricitem/data_item.go:158.3,158.37 1 0
github.com/microsoft/terraform-provider-fabric/internal/pkg/fabricitem/data_item.go:158.37,159.62 1 0
github.com/microsoft/terraform-provider-fabric/internal/pkg/fabricitem/data_item.go:159.62,163.5 2 0
github.com/microsoft/terraform-provider-fabric/internal/pkg/fabricitem/data_item.go:167.2,172.14 2 0
github.com/microsoft/terraform-provider-fabric/internal/pkg/fabricitem/data_item_definition.go:39.101,41.2 1 0
github.com/microsoft/terraform-provider-fabric/internal/pkg/fabricitem/data_item_definition.go:43.135,45.2 1 0
github.com/microsoft/terraform-provider-fabric/internal/pkg/fabricitem/data_item_definition.go:47.131,49.2 1 0
github.com/microsoft/terraform-provider-fabric/internal/pkg/fabricitem/data_item_definition.go:51.107,52.27 1 0
github.com/microsoft/terraform-provider-fabric/internal/pkg/fabricitem/data_item_definition.go:52.27,63.3 1 0
github.com/microsoft/terraform-provider-fabric/internal/pkg/fabricitem/data_item_definition.go:65.2,65.39 1 0
github.com/microsoft/terraform-provider-fabric/internal/pkg/fabricitem/data_item_definition.go:68.140,69.29 1 0
github.com/microsoft/terraform-provider-fabric/internal/pkg/fabricitem/data_item_definition.go:69.29,71.3 1 0
github.com/microsoft/terraform-provider-fabric/internal/pkg/fabricitem/data_item_definition.go:73.2,74.9 2 0
github.com/microsoft/terraform-provider-fabric/internal/pkg/fabricitem/data_item_definition.go:74.9,81.3 2 0
github.com/microsoft/terraform-provider-fabric/internal/pkg/fabricitem/data_item_definition.go:83.2,86.138 3 0
github.com/microsoft/terraform-provider-fabric/internal/pkg/fabricitem/data_item_definition.go:86.138,88.3 1 0
github.com/microsoft/terraform-provider-fabric/internal/pkg/fabricitem/data_item_definition.go:91.127,98.89 3 0
github.com/microsoft/terraform-provider-fabric/internal/pkg/fabricitem/data_item_definition.go:98.89,100.3 1 0
github.com/microsoft/terraform-provider-fabric/internal/pkg/fabricitem/data_item_definition.go:102.2,103.68 2 0
github.com/microsoft/terraform-provider-fabric/internal/pkg/fabricitem/data_item_definition.go:103.68,105.3 1 0
github.com/microsoft/terraform-provider-fabric/internal/pkg/fabricitem/data_item_definition.go:107.2,110.33 3 0
github.com/microsoft/terraform-provider-fabric/internal/pkg/fabricitem/data_item_definition.go:110.33,112.3 1 0
github.com/microsoft/terraform-provider-fabric/internal/pkg/fabricitem/data_item_definition.go:112.8,114.3 1 0
github.com/microsoft/terraform-provider-fabric/internal/pkg/fabricitem/data_item_definition.go:116.2,116.68 1 0
github.com/microsoft/terraform-provider-fabric/internal/pkg/fabricitem/data_item_definition.go:116.68,118.3 1 0
github.com/microsoft/terraform-provider-fabric/internal/pkg/fabricitem/data_item_definition.go:120.2,122.73 2 0
github.com/microsoft/terraform-provider-fabric/internal/pkg/fabricitem/data_item_definition.go:122.73,124.3 1 0
github.com/microsoft/terraform-provider-fabric/internal/pkg/fabricitem/data_item_definition.go:126.2,126.39 1 0
github.com/microsoft/terraform-provider-fabric/internal/pkg/fabricitem/data_item_definition.go:126.39,127.91 1 0
github.com/microsoft/terraform-provider-fabric/internal/pkg/fabricitem/data_item_definition.go:127.91,129.4 1 0
github.com/microsoft/terraform-provider-fabric/internal/pkg/fabricitem/data_item_definition.go:131.3,133.56 2 0
github.com/microsoft/terraform-provider-fabric/internal/pkg/fabricitem/data_item_definition.go:136.2,140.33 2 0
github.com/microsoft/terraform-provider-fabric/internal/pkg/fabricitem/data_item_definition.go:140.33,142.3 1 0
github.com/microsoft/terraform-provider-fabric/internal/pkg/fabricitem/data_item_definition.go:145.132,149.92 3 0
github.com/microsoft/terraform-provider-fabric/internal/pkg/fabricitem/data_item_definition.go:149.92,151.3 1 0
github.com/microsoft/terraform-provider-fabric/internal/pkg/fabricitem/data_item_definition.go:153.2,155.12 2 0
github.com/microsoft/terraform-provider-fabric/internal/pkg/fabricitem/data_item_definition.go:158.141,168.19 5 0
github.com/microsoft/terraform-provider-fabric/internal/pkg/fabricitem/data_item_definition.go:168.19,170.93 2 0
github.com/microsoft/terraform-provider-fabric/internal/pkg/fabricitem/data_item_definition.go:170.93,172.4 1 0
github.com/microsoft/terraform-provider-fabric/internal/pkg/fabricitem/data_item_definition.go:174.3,174.37 1 0
github.com/microsoft/terraform-provider-fabric/internal/pkg/fabricitem/data_item_definition.go:174.37,175.62 1 0
github.com/microsoft/terraform-provider-fabric/internal/pkg/fabricitem/data_item_definition.go:175.62,179.5 2 0
github.com/microsoft/terraform-provider-fabric/internal/pkg/fabricitem/data_item_definition.go:183.2,188.14 2 0
github.com/microsoft/terraform-provider-fabric/internal/pkg/fabricitem/data_item_definition.go:191.138,196.28 3 0
github.com/microsoft/terraform-provider-fabric/internal/pkg/fabricitem/data_item_definition.go:196.28,199.22 2 0
github.com/microsoft/terraform-provider-fabric/internal/pkg/fabricitem/data_item_definition.go:199.22,201.4 1 0
github.com/microsoft/terraform-provider-fabric/internal/pkg/fabricitem/data_item_definition.go:204.2,205.92 2 0
github.com/microsoft/terraform-provider-fabric/internal/pkg/fabricitem/data_item_definition.go:205.92,207.3 1 0
github.com/microsoft/terraform-provider-fabric/internal/pkg/fabricitem/data_item_definition.go:209.2,210.22 2 0
github.com/microsoft/terraform-provider-fabric/internal/pkg/fabricitem/data_item_definition.go:210.22,212.3 1 0
github.com/microsoft/terraform-provider-fabric/internal/pkg/fabricitem/data_item_definition.go:214.2,216.12 2 0
github.com/microsoft/terraform-provider-fabric/internal/pkg/fabricitem/data_item_definition_properties.go:41.165,43.2 1 0
github.com/microsoft/terraform-provider-fabric/internal/pkg/fabricitem/data_item_definition_properties.go:49.3,51.2 1 0
github.com/microsoft/terraform-provider-fabric/internal/pkg/fabricitem/data_item_definition_properties.go:53.161,55.2 1 0
github.com/microsoft/terraform-provider-fabric/internal/pkg/fabricitem/data_item_definition_properties.go:57.137,58.27 1 0
github.com/microsoft/terraform-provider-fabric/internal/pkg/fabricitem/data_item_definition_properties.go:58.27,69.3 1 0
github.com/microsoft/terraform-provider-fabric/internal/pkg/fabricitem/data_item_definition_properties.go:71.2,71.39 1 0
github.com/microsoft/terraform-provider-fabric/internal/pkg/fabricitem/data_item_definition_properties.go:78.3,79.29 1 0
github.com/microsoft/terraform-provider-fabric/internal/pkg/fabricitem/data_item_definition_properties.go:79.29,81.3 1 0
github.com/microsoft/terraform-provider-fabric/internal/pkg/fabricitem/data_item_definition_properties.go:83.2,84.9 2 0
github.com/microsoft/terraform-provider-fabric/internal/pkg/fabricitem/data_item_definition_properties.go:84.9,91.3 2 0
github.com/microsoft/terraform-provider-fabric/internal/pkg/fabricitem/data_item_definition_properties.go:93.2,95.138 2 0
github.com/microsoft/terraform-provider-fabric/internal/pkg/fabricitem/data_item_definition_properties.go:95.138,97.3 1 0
github.com/microsoft/terraform-provider-fabric/internal/pkg/fabricitem/data_item_definition_properties.go:99.2,99.91 1 0
github.com/microsoft/terraform-provider-fabric/internal/pkg/fabricitem/data_item_definition_properties.go:102.157,109.89 3 0
github.com/microsoft/terraform-provider-fabric/internal/pkg/fabricitem/data_item_definition_properties.go:109.89,111.3 1 0
github.com/microsoft/terraform-provider-fabric/internal/pkg/fabricitem/data_item_definition_properties.go:113.2,114.68 2 0
github.com/microsoft/terraform-provider-fabric/internal/pkg/fabricitem/data_item_definition_properties.go:114.68,116.3 1 0
github.com/microsoft/terraform-provider-fabric/internal/pkg/fabricitem/data_item_definition_properties.go:118.2,121.33 3 0
github.com/microsoft/terraform-provider-fabric/internal/pkg/fabricitem/data_item_definition_properties.go:121.33,123.3 1 0
github.com/microsoft/terraform-provider-fabric/internal/pkg/fabricitem/data_item_definition_properties.go:123.8,125.3 1 0
github.com/microsoft/terraform-provider-fabric/internal/pkg/fabricitem/data_item_definition_properties.go:127.2,127.68 1 0
github.com/microsoft/terraform-provider-fabric/internal/pkg/fabricitem/data_item_definition_properties.go:127.68,129.3 1 0
github.com/microsoft/terraform-provider-fabric/internal/pkg/fabricitem/data_item_definition_properties.go:131.2,133.73 2 0
github.com/microsoft/terraform-provider-fabric/internal/pkg/fabricitem/data_item_definition_properties.go:133.73,135.3 1 0
github.com/microsoft/terraform-provider-fabric/internal/pkg/fabricitem/data_item_definition_properties.go:137.2,137.39 1 0
github.com/microsoft/terraform-provider-fabric/internal/pkg/fabricitem/data_item_definition_properties.go:137.39,138.91 1 0
github.com/microsoft/terraform-provider-fabric/internal/pkg/fabricitem/data_item_definition_properties.go:138.91,140.4 1 0
github.com/microsoft/terraform-provider-fabric/internal/pkg/fabricitem/data_item_definition_properties.go:142.3,144.56 2 0
github.com/microsoft/terraform-provider-fabric/internal/pkg/fabricitem/data_item_definition_properties.go:147.2,151.33 2 0
github.com/microsoft/terraform-provider-fabric/internal/pkg/fabricitem/data_item_definition_properties.go:151.33,153.3 1 0
github.com/microsoft/terraform-provider-fabric/internal/pkg/fabricitem/data_item_definition_properties.go:159.20,165.92 4 0
github.com/microsoft/terraform-provider-fabric/internal/pkg/fabricitem/data_item_definition_properties.go:165.92,167.3 1 0
github.com/microsoft/terraform-provider-fabric/internal/pkg/fabricitem/data_item_definition_properties.go:169.2,171.62 2 0
github.com/microsoft/terraform-provider-fabric/internal/pkg/fabricitem/data_item_definition_properties.go:177.20,195.92 7 0
github.com/microsoft/terraform-provider-fabric/internal/pkg/fabricitem/data_item_definition_properties.go:195.92,197.3 1 0
github.com/microsoft/terraform-provider-fabric/internal/pkg/fabricitem/data_item_definition_properties.go:199.2,201.62 2 0
github.com/microsoft/terraform-provider-fabric/internal/pkg/fabricitem/data_item_definition_properties.go:204.198,209.28 3 0
github.com/microsoft/terraform-provider-fabric/internal/pkg/fabricitem/data_item_definition_properties.go:209.28,212.22 2 0
github.com/microsoft/terraform-provider-fabric/internal/pkg/fabricitem/data_item_definition_properties.go:212.22,214.4 1 0
github.com/microsoft/terraform-provider-fabric/internal/pkg/fabricitem/data_item_definition_properties.go:217.2,218.92 2 0
github.com/microsoft/terraform-provider-fabric/internal/pkg/fabricitem/data_item_definition_properties.go:218.92,220.3 1 0
github.com/microsoft/terraform-provider-fabric/internal/pkg/fabricitem/data_item_definition_properties.go:222.2,223.22 2 0
github.com/microsoft/terraform-provider-fabric/internal/pkg/fabricitem/data_item_definition_properties.go:223.22,225.3 1 0
github.com/microsoft/terraform-provider-fabric/internal/pkg/fabricitem/data_item_definition_properties.go:227.2,229.12 2 0
github.com/microsoft/terraform-provider-fabric/internal/pkg/fabricitem/data_item_properties.go:40.145,42.2 1 0
github.com/microsoft/terraform-provider-fabric/internal/pkg/fabricitem/data_item_properties.go:44.155,46.2 1 0
github.com/microsoft/terraform-provider-fabric/internal/pkg/fabricitem/data_item_properties.go:48.151,50.2 1 0
github.com/microsoft/terraform-provider-fabric/internal/pkg/fabricitem/data_item_properties.go:52.127,53.27 1 0
github.com/microsoft/terraform-provider-fabric/internal/pkg/fabricitem/data_item_properties.go:53.27,64.3 1 0
github.com/microsoft/terraform-provider-fabric/internal/pkg/fabricitem/data_item_properties.go:66.2,66.39 1 0
github.com/microsoft/terraform-provider-fabric/internal/pkg/fabricitem/data_item_properties.go:69.160,70.29 1 0
github.com/microsoft/terraform-provider-fabric/internal/pkg/fabricitem/data_item_properties.go:70.29,72.3 1 0
github.com/microsoft/terraform-provider-fabric/internal/pkg/fabricitem/data_item_properties.go:74.2,75.9 2 0
github.com/microsoft/terraform-provider-fabric/internal/pkg/fabricitem/data_item_properties.go:75.9,82.3 2 0
github.com/microsoft/terraform-provider-fabric/internal/pkg/fabricitem/data_item_properties.go:84.2,87.138 3 0
github.com/microsoft/terraform-provider-fabric/internal/pkg/fabricitem/data_item_properties.go:87.138,89.3 1 0
github.com/microsoft/terraform-provider-fabric/internal/pkg/fabricitem/data_item_properties.go:92.147,99.89 3 0
github.com/microsoft/terraform-provider-fabric/internal/pkg/fabricitem/data_item_properties.go:99.89,101.3 1 0
github.com/microsoft/terraform-provider-fabric/internal/pkg/fabricitem/data_item_properties.go:103.2,104.68 2 0
github.com/microsoft/terraform-provider-fabric/internal/pkg/fabricitem/data_item_properties.go:104.68,106.3 1 0
github.com/microsoft/terraform-provider-fabric/internal/pkg/fabricitem/data_item_properties.go:108.2,111.33 3 0
github.com/microsoft/terraform-provider-fabric/internal/pkg/fabricitem/data_item_properties.go:111.33,113.3 1 0
github.com/microsoft/terraform-provider-fabric/internal/pkg/fabricitem/data_item_properties.go:113.8,115.3 1 0
github.com/microsoft/terraform-provider-fabric/internal/pkg/fabricitem/data_item_properties.go:117.2,117.68 1 0
github.com/microsoft/terraform-provider-fabric/internal/pkg/fabricitem/data_item_properties.go:117.68,119.3 1 0
github.com/microsoft/terraform-provider-fabric/internal/pkg/fabricitem/data_item_properties.go:121.2,127.33 3 0
github.com/microsoft/terraform-provider-fabric/internal/pkg/fabricitem/data_item_properties.go:127.33,129.3 1 0
github.com/microsoft/terraform-provider-fabric/internal/pkg/fabricitem/data_item_properties.go:135.20,141.92 4 0
github.com/microsoft/terraform-provider-fabric/internal/pkg/fabricitem/data_item_properties.go:141.92,143.3 1 0
github.com/microsoft/terraform-provider-fabric/internal/pkg/fabricitem/data_item_properties.go:145.2,147.62 2 0
github.com/microsoft/terraform-provider-fabric/internal/pkg/fabricitem/data_item_properties.go:153.20,171.92 7 0
github.com/microsoft/terraform-provider-fabric/internal/pkg/fabricitem/data_item_properties.go:171.92,173.3 1 0
github.com/microsoft/terraform-provider-fabric/internal/pkg/fabricitem/data_item_properties.go:175.2,177.62 2 0
github.com/microsoft/terraform-provider-fabric/internal/pkg/fabricitem/data_items.go:37.83,39.2 1 0
github.com/microsoft/terraform-provider-fabric/internal/pkg/fabricitem/data_items.go:41.126,43.2 1 0
github.com/microsoft/terraform-provider-fabric/internal/pkg/fabricitem/data_items.go:45.122,89.2 1 0
github.com/microsoft/terraform-provider-fabric/internal/pkg/fabricitem/data_items.go:91.131,92.29 1 0
github.com/microsoft/terraform-provider-fabric/internal/pkg/fabricitem/data_items.go:92.29,94.3 1 0
github.com/microsoft/terraform-provider-fabric/internal/pkg/fabricitem/data_items.go:96.2,97.9 2 0
github.com/microsoft/terraform-provider-fabric/internal/pkg/fabricitem/data_items.go:97.9,104.3 2 0
github.com/microsoft/terraform-provider-fabric/internal/pkg/fabricitem/data_items.go:106.2,109.138 3 0
github.com/microsoft/terraform-provider-fabric/internal/pkg/fabricitem/data_items.go:109.138,111.3 1 0
github.com/microsoft/terraform-provider-fabric/internal/pkg/fabricitem/data_items.go:114.118,121.89 3 0
github.com/microsoft/terraform-provider-fabric/internal/pkg/fabricitem/data_items.go:121.89,123.3 1 0
github.com/microsoft/terraform-provider-fabric/internal/pkg/fabricitem/data_items.go:125.2,126.68 2 0
github.com/microsoft/terraform-provider-fabric/internal/pkg/fabricitem/data_items.go:126.68,128.3 1 0
github.com/microsoft/terraform-provider-fabric/internal/pkg/fabricitem/data_items.go:130.2,133.81 3 0
github.com/microsoft/terraform-provider-fabric/internal/pkg/fabricitem/data_items.go:133.81,135.3 1 0
github.com/microsoft/terraform-provider-fabric/internal/pkg/fabricitem/data_items.go:137.2,143.33 3 0
github.com/microsoft/terraform-provider-fabric/internal/pkg/fabricitem/data_items.go:143.33,145.3 1 0
github.com/microsoft/terraform-provider-fabric/internal/pkg/fabricitem/data_items.go:148.111,156.92 4 0
github.com/microsoft/terraform-provider-fabric/internal/pkg/fabricitem/data_items.go:156.92,158.3 1 0
github.com/microsoft/terraform-provider-fabric/internal/pkg/fabricitem/data_items.go:160.2,160.39 1 0
github.com/microsoft/terraform-provider-fabric/internal/pkg/fabricitem/data_items_properties.go:37.147,39.2 1 0
github.com/microsoft/terraform-provider-fabric/internal/pkg/fabricitem/data_items_properties.go:41.156,43.2 1 0
github.com/microsoft/terraform-provider-fabric/internal/pkg/fabricitem/data_items_properties.go:45.152,93.2 3 0
github.com/microsoft/terraform-provider-fabric/internal/pkg/fabricitem/data_items_properties.go:95.161,96.29 1 0
github.com/microsoft/terraform-provider-fabric/internal/pkg/fabricitem/data_items_properties.go:96.29,98.3 1 0
github.com/microsoft/terraform-provider-fabric/internal/pkg/fabricitem/data_items_properties.go:100.2,101.9 2 0
github.com/microsoft/terraform-provider-fabric/internal/pkg/fabricitem/data_items_properties.go:101.9,108.3 2 0
github.com/microsoft/terraform-provider-fabric/internal/pkg/fabricitem/data_items_properties.go:110.2,112.138 2 0
github.com/microsoft/terraform-provider-fabric/internal/pkg/fabricitem/data_items_properties.go:112.138,114.3 1 0
github.com/microsoft/terraform-provider-fabric/internal/pkg/fabricitem/data_items_properties.go:117.148,124.89 3 0
github.com/microsoft/terraform-provider-fabric/internal/pkg/fabricitem/data_items_properties.go:124.89,126.3 1 0
github.com/microsoft/terraform-provider-fabric/internal/pkg/fabricitem/data_items_properties.go:128.2,129.68 2 0
github.com/microsoft/terraform-provider-fabric/internal/pkg/fabricitem/data_items_properties.go:129.68,131.3 1 0
github.com/microsoft/terraform-provider-fabric/internal/pkg/fabricitem/data_items_properties.go:133.2,136.81 3 0
github.com/microsoft/terraform-provider-fabric/internal/pkg/fabricitem/data_items_properties.go:136.81,138.3 1 0
github.com/microsoft/terraform-provider-fabric/internal/pkg/fabricitem/data_items_properties.go:140.2,146.33 3 0
github.com/microsoft/terraform-provider-fabric/internal/pkg/fabricitem/data_items_properties.go:146.33,148.3 1 0
github.com/microsoft/terraform-provider-fabric/internal/pkg/fabricitem/data_items_properties.go:151.171,157.92 4 0
github.com/microsoft/terraform-provider-fabric/internal/pkg/fabricitem/data_items_properties.go:157.92,159.3 1 0
github.com/microsoft/terraform-provider-fabric/internal/pkg/fabricitem/data_items_properties.go:161.2,161.62 1 0
github.com/microsoft/terraform-provider-fabric/internal/pkg/fabricitem/data_schema.go:25.95,32.2 2 0
github.com/microsoft/terraform-provider-fabric/internal/pkg/fabricitem/data_schema.go:34.115,43.2 3 0
github.com/microsoft/terraform-provider-fabric/internal/pkg/fabricitem/data_schema.go:45.159,53.2 3 0
github.com/microsoft/terraform-provider-fabric/internal/pkg/fabricitem/data_schema.go:55.179,65.2 4 0
github.com/microsoft/terraform-provider-fabric/internal/pkg/fabricitem/data_schema.go:68.136,92.25 5 0
github.com/microsoft/terraform-provider-fabric/internal/pkg/fabricitem/data_schema.go:92.25,95.3 2 0
github.com/microsoft/terraform-provider-fabric/internal/pkg/fabricitem/data_schema.go:95.8,97.3 1 0
github.com/microsoft/terraform-provider-fabric/internal/pkg/fabricitem/data_schema.go:99.2,106.25 5 0
github.com/microsoft/terraform-provider-fabric/internal/pkg/fabricitem/data_schema.go:106.25,108.3 1 0
github.com/microsoft/terraform-provider-fabric/internal/pkg/fabricitem/data_schema.go:110.2,112.19 2 0
github.com/microsoft/terraform-provider-fabric/internal/pkg/fabricitem/data_schema.go:116.150,161.2 13 0
github.com/microsoft/terraform-provider-fabric/internal/pkg/fabricitem/data_schema.go:163.166,170.2 1 0
github.com/microsoft/terraform-provider-fabric/internal/pkg/fabricitem/definition.go:26.63,29.31 2 0
github.com/microsoft/terraform-provider-fabric/internal/pkg/fabricitem/definition.go:29.31,31.3 1 0
github.com/microsoft/terraform-provider-fabric/internal/pkg/fabricitem/definition.go:33.2,33.46 1 0
github.com/microsoft/terraform-provider-fabric/internal/pkg/fabricitem/definition.go:36.79,39.39 2 0
github.com/microsoft/terraform-provider-fabric/internal/pkg/fabricitem/definition.go:39.39,41.3 1 0
github.com/microsoft/terraform-provider-fabric/internal/pkg/fabricitem/definition.go:43.2,44.54 2 0
github.com/microsoft/terraform-provider-fabric/internal/pkg/fabricitem/definition.go:44.54,46.3 1 0
github.com/microsoft/terraform-provider-fabric/internal/pkg/fabricitem/definition.go:48.2,48.22 1 0
github.com/microsoft/terraform-provider-fabric/internal/pkg/fabricitem/definition.go:51.70,59.55 5 0
github.com/microsoft/terraform-provider-fabric/internal/pkg/fabricitem/definition.go:59.55,63.27 3 0
github.com/microsoft/terraform-provider-fabric/internal/pkg/fabricitem/definition.go:63.27,65.4 1 0
github.com/microsoft/terraform-provider-fabric/internal/pkg/fabricitem/definition.go:67.3,67.6 1 0
github.com/microsoft/terraform-provider-fabric/internal/pkg/fabricitem/definition.go:70.2,72.16 2 0
github.com/microsoft/terraform-provider-fabric/internal/pkg/fabricitem/definition.go:75.82,76.31 1 0
github.com/microsoft/terraform-provider-fabric/internal/pkg/fabricitem/definition.go:76.31,77.27 1 0
github.com/microsoft/terraform-provider-fabric/internal/pkg/fabricitem/definition.go:77.27,79.4 1 0
github.com/microsoft/terraform-provider-fabric/internal/pkg/fabricitem/definition.go:82.2,82.12 1 0
github.com/microsoft/terraform-provider-fabric/internal/pkg/fabricitem/definition.go:85.78,86.31 1 0
github.com/microsoft/terraform-provider-fabric/internal/pkg/fabricitem/definition.go:86.31,87.27 1 0
github.com/microsoft/terraform-provider-fabric/internal/pkg/fabricitem/definition.go:87.27,89.4 1 0
github.com/microsoft/terraform-provider-fabric/internal/pkg/fabricitem/definition.go:92.2,92.11 1 0
github.com/microsoft/terraform-provider-fabric/internal/pkg/fabricitem/definition.go:95.80,98.31 2 0
github.com/microsoft/terraform-provider-fabric/internal/pkg/fabricitem/definition.go:98.31,101.33 2 0
github.com/microsoft/terraform-provider-fabric/internal/pkg/fabricitem/definition.go:101.33,106.4 1 0
github.com/microsoft/terraform-provider-fabric/internal/pkg/fabricitem/definition.go:108.3,114.45 2 0
github.com/microsoft/terraform-provider-fabric/internal/pkg/fabricitem/definition.go:117.2,117.16 1 0
github.com/microsoft/terraform-provider-fabric/internal/pkg/fabricitem/helpers.go:20.89,23.12 2 0
github.com/microsoft/terraform-provider-fabric/internal/pkg/fabricitem/helpers.go:23.12,25.3 1 0
github.com/microsoft/terraform-provider-fabric/internal/pkg/fabricitem/helpers.go:27.2,27.28 1 0
github.com/microsoft/terraform-provider-fabric/internal/pkg/fabricitem/helpers.go:27.28,29.13 2 0
github.com/microsoft/terraform-provider-fabric/internal/pkg/fabricitem/helpers.go:29.13,31.4 1 0
github.com/microsoft/terraform-provider-fabric/internal/pkg/fabricitem/helpers.go:33.3,33.58 1 0
github.com/microsoft/terraform-provider-fabric/internal/pkg/fabricitem/helpers.go:34.8,36.3 1 0
github.com/microsoft/terraform-provider-fabric/internal/pkg/fabricitem/helpers.go:38.2,38.29 1 0
github.com/microsoft/terraform-provider-fabric/internal/pkg/fabricitem/helpers.go:38.29,39.39 1 0
github.com/microsoft/terraform-provider-fabric/internal/pkg/fabricitem/helpers.go:39.39,41.4 1 0
github.com/microsoft/terraform-provider-fabric/internal/pkg/fabricitem/helpers.go:41.9,43.4 1 0
github.com/microsoft/terraform-provider-fabric/internal/pkg/fabricitem/helpers.go:44.8,46.3 1 0
github.com/microsoft/terraform-provider-fabric/internal/pkg/fabricitem/helpers.go:48.2,48.24 1 0
github.com/microsoft/terraform-provider-fabric/internal/pkg/fabricitem/helpers.go:48.24,50.3 1 0
github.com/microsoft/terraform-provider-fabric/internal/pkg/fabricitem/helpers.go:52.2,52.22 1 0
github.com/microsoft/terraform-provider-fabric/internal/pkg/fabricitem/helpers.go:52.22,54.3 1 0
github.com/microsoft/terraform-provider-fabric/internal/pkg/fabricitem/helpers.go:56.2,56.49 1 0
github.com/microsoft/terraform-provider-fabric/internal/pkg/fabricitem/helpers.go:56.49,58.3 1 0
github.com/microsoft/terraform-provider-fabric/internal/pkg/fabricitem/helpers.go:60.2,60.11 1 0
github.com/microsoft/terraform-provider-fabric/internal/pkg/fabricitem/helpers.go:63.91,66.12 2 0
github.com/microsoft/terraform-provider-fabric/internal/pkg/fabricitem/helpers.go:66.12,68.3 1 0
github.com/microsoft/terraform-provider-fabric/internal/pkg/fabricitem/helpers.go:70.2,70.28 1 0
github.com/microsoft/terraform-provider-fabric/internal/pkg/fabricitem/helpers.go:70.28,72.13 2 0
github.com/microsoft/terraform-provider-fabric/internal/pkg/fabricitem/helpers.go:72.13,74.4 1 0
github.com/microsoft/terraform-provider-fabric/internal/pkg/fabricitem/helpers.go:76.3,76.58 1 0
github.com/microsoft/terraform-provider-fabric/internal/pkg/fabricitem/helpers.go:77.8,79.3 1 0
github.com/microsoft/terraform-provider-fabric/internal/pkg/fabricitem/helpers.go:81.2,81.29 1 0
github.com/microsoft/terraform-provider-fabric/internal/pkg/fabricitem/helpers.go:81.29,82.39 1 0
github.com/microsoft/terraform-provider-fabric/internal/pkg/fabricitem/helpers.go:82.39,84.4 1 0
github.com/microsoft/terraform-provider-fabric/internal/pkg/fabricitem/helpers.go:84.9,86.4 1 0
github.com/microsoft/terraform-provider-fabric/internal/pkg/fabricitem/helpers.go:87.8,89.3 1 0
github.com/microsoft/terraform-provider-fabric/internal/pkg/fabricitem/helpers.go:91.2,91.24 1 0
github.com/microsoft/terraform-provider-fabric/internal/pkg/fabricitem/helpers.go:91.24,93.3 1 0
github.com/microsoft/terraform-provider-fabric/internal/pkg/fabricitem/helpers.go:95.2,95.11 1 0
github.com/microsoft/terraform-provider-fabric/internal/pkg/fabricitem/helpers.go:98.98,101.12 2 0
github.com/microsoft/terraform-provider-fabric/internal/pkg/fabricitem/helpers.go:101.12,103.3 1 0
github.com/microsoft/terraform-provider-fabric/internal/pkg/fabricitem/helpers.go:105.2,105.28 1 0
github.com/microsoft/terraform-provider-fabric/internal/pkg/fabricitem/helpers.go:105.28,107.13 2 0
github.com/microsoft/terraform-provider-fabric/internal/pkg/fabricitem/helpers.go:107.13,109.4 1 0
github.com/microsoft/terraform-provider-fabric/internal/pkg/fabricitem/helpers.go:111.3,111.58 1 0
github.com/microsoft/terraform-provider-fabric/internal/pkg/fabricitem/helpers.go:112.8,114.3 1 0
github.com/microsoft/terraform-provider-fabric/internal/pkg/fabricitem/helpers.go:116.2,116.29 1 0
github.com/microsoft/terraform-provider-fabric/internal/pkg/fabricitem/helpers.go:116.29,118.3 1 0
github.com/microsoft/terraform-provider-fabric/internal/pkg/fabricitem/helpers.go:118.8,120.3 1 0
github.com/microsoft/terraform-provider-fabric/internal/pkg/fabricitem/helpers.go:122.2,122.24 1 0
github.com/microsoft/terraform-provider-fabric/internal/pkg/fabricitem/helpers.go:122.24,124.3 1 0
github.com/microsoft/terraform-provider-fabric/internal/pkg/fabricitem/helpers.go:126.2,126.11 1 0
github.com/microsoft/terraform-provider-fabric/internal/pkg/fabricitem/helpers.go:129.91,132.43 2 3
github.com/microsoft/terraform-provider-fabric/internal/pkg/fabricitem/helpers.go:132.43,139.3 2 1
github.com/microsoft/terraform-provider-fabric/internal/pkg/fabricitem/helpers.go:141.2,141.42 1 2
github.com/microsoft/terraform-provider-fabric/internal/pkg/fabricitem/helpers.go:141.42,148.3 2 1
github.com/microsoft/terraform-provider-fabric/internal/pkg/fabricitem/helpers.go:150.2,150.12 1 1
github.com/microsoft/terraform-provider-fabric/internal/pkg/fabricitem/helpers.go:161.119,167.6 5 0
github.com/microsoft/terraform-provider-fabric/internal/pkg/fabricitem/helpers.go:167.6,169.17 2 0
github.com/microsoft/terraform-provider-fabric/internal/pkg/fabricitem/helpers.go:169.17,170.22 1 0
github.com/microsoft/terraform-provider-fabric/internal/pkg/fabricitem/helpers.go:170.22,172.5 1 0
github.com/microsoft/terraform-provider-fabric/internal/pkg/fabricitem/helpers.go:174.4,174.22 1 0
github.com/microsoft/terraform-provider-fabric/internal/pkg/fabricitem/helpers.go:177.3,177.23 1 0
github.com/microsoft/terraform-provider-fabric/internal/pkg/fabricitem/helpers.go:177.23,181.4 2 0
github.com/microsoft/terraform-provider-fabric/internal/pkg/fabricitem/helpers.go:183.3,183.122 1 0
github.com/microsoft/terraform-provider-fabric/internal/pkg/fabricitem/helpers.go:183.122,188.11 4 0
github.com/microsoft/terraform-provider-fabric/internal/pkg/fabricitem/helpers.go:189.22,193.29 3 0
github.com/microsoft/terraform-provider-fabric/internal/pkg/fabricitem/helpers.go:194.19,195.13 1 0
github.com/microsoft/terraform-provider-fabric/internal/pkg/fabricitem/helpers.go:199.3,201.8 2 0
github.com/microsoft/terraform-provider-fabric/internal/pkg/fabricitem/helpers.go:204.2,204.20 1 0
github.com/microsoft/terraform-provider-fabric/internal/pkg/fabricitem/helpers.go:207.45,212.2 1 0
github.com/microsoft/terraform-provider-fabric/internal/pkg/fabricitem/helpers.go:214.177,215.121 1 0
github.com/microsoft/terraform-provider-fabric/internal/pkg/fabricitem/helpers.go:215.121,217.3 1 0
github.com/microsoft/terraform-provider-fabric/internal/pkg/fabricitem/helpers.go:220.45,225.2 1 0
github.com/microsoft/terraform-provider-fabric/internal/pkg/fabricitem/helpers.go:227.169,228.121 1 0
github.com/microsoft/terraform-provider-fabric/internal/pkg/fabricitem/helpers.go:228.121,230.3 1 0
github.com/microsoft/terraform-provider-fabric/internal/pkg/fabricitem/helpers.go:233.171,235.2 1 0
github.com/microsoft/terraform-provider-fabric/internal/pkg/fabricitem/models.go:24.51,30.2 5 0
github.com/microsoft/terraform-provider-fabric/internal/pkg/fabricitem/models.go:41.100,47.2 5 0
github.com/microsoft/terraform-provider-fabric/internal/pkg/fabricitem/models.go:55.58,57.41 2 0
github.com/microsoft/terraform-provider-fabric/internal/pkg/fabricitem/models.go:57.41,59.3 1 0
github.com/microsoft/terraform-provider-fabric/internal/pkg/fabricitem/models.go:61.2,66.73 6 0
github.com/microsoft/terraform-provider-fabric/internal/pkg/fabricitem/models.go:69.69,71.37 2 0
github.com/microsoft/terraform-provider-fabric/internal/pkg/fabricitem/models.go:71.37,73.3 1 0
github.com/microsoft/terraform-provider-fabric/internal/pkg/fabricitem/models.go:75.2,75.55 1 0
github.com/microsoft/terraform-provider-fabric/internal/pkg/fabricitem/models.go:75.55,76.48 1 0
github.com/microsoft/terraform-provider-fabric/internal/pkg/fabricitem/models.go:76.48,78.4 1 0
github.com/microsoft/terraform-provider-fabric/internal/pkg/fabricitem/models.go:81.2,81.12 1 0
github.com/microsoft/terraform-provider-fabric/internal/pkg/fabricitem/models.go:84.87,86.37 2 0
github.com/microsoft/terraform-provider-fabric/internal/pkg/fabricitem/models.go:86.37,88.3 1 0
github.com/microsoft/terraform-provider-fabric/internal/pkg/fabricitem/models.go:90.2,90.45 1 0
[...]
github.com/microsoft/terraform-provider-fabric/internal/services/capacity/data_capacities.go:120.2,120.39 1 3
github.com/microsoft/terraform-provider-fabric/internal/services/capacity/data_capacity.go:34.52,38.2 1 104
github.com/microsoft/terraform-provider-fabric/internal/services/capacity/data_capacity.go:40.123,42.2 1 32
github.com/microsoft/terraform-provider-fabric/internal/services/capacity/data_capacity.go:44.119,46.2 1 44
github.com/microsoft/terraform-provider-fabric/internal/services/capacity/data_capacity.go:48.95,59.2 1 20
github.com/microsoft/terraform-provider-fabric/internal/services/capacity/data_capacity.go:62.128,63.29 1 28
github.com/microsoft/terraform-provider-fabric/internal/services/capacity/data_capacity.go:63.29,65.3 1 12
github.com/microsoft/terraform-provider-fabric/internal/services/capacity/data_capacity.go:67.2,68.9 2 16
github.com/microsoft/terraform-provider-fabric/internal/services/capacity/data_capacity.go:68.9,75.3 2 0
github.com/microsoft/terraform-provider-fabric/internal/services/capacity/data_capacity.go:77.2,78.96 2 16
github.com/microsoft/terraform-provider-fabric/internal/services/capacity/data_capacity.go:82.115,89.89 3 8
github.com/microsoft/terraform-provider-fabric/internal/services/capacity/data_capacity.go:89.89,91.3 1 0
github.com/microsoft/terraform-provider-fabric/internal/services/capacity/data_capacity.go:93.2,94.68 2 8
github.com/microsoft/terraform-provider-fabric/internal/services/capacity/data_capacity.go:94.68,96.3 1 0
github.com/microsoft/terraform-provider-fabric/internal/services/capacity/data_capacity.go:98.2,101.33 3 8
github.com/microsoft/terraform-provider-fabric/internal/services/capacity/data_capacity.go:101.33,103.3 1 4
github.com/microsoft/terraform-provider-fabric/internal/services/capacity/data_capacity.go:103.8,105.3 1 4
github.com/microsoft/terraform-provider-fabric/internal/services/capacity/data_capacity.go:107.2,107.68 1 8
github.com/microsoft/terraform-provider-fabric/internal/services/capacity/data_capacity.go:107.68,109.3 1 2
github.com/microsoft/terraform-provider-fabric/internal/services/capacity/data_capacity.go:111.2,117.33 3 6
github.com/microsoft/terraform-provider-fabric/internal/services/capacity/data_capacity.go:117.33,119.3 1 0
github.com/microsoft/terraform-provider-fabric/internal/services/capacity/data_capacity.go:122.108,124.2 1 4
github.com/microsoft/terraform-provider-fabric/internal/services/capacity/data_capacity.go:126.117,128.2 1 4
github.com/microsoft/terraform-provider-fabric/internal/services/capacity/data_capacity.go:130.115,135.19 4 8
github.com/microsoft/terraform-provider-fabric/internal/services/capacity/data_capacity.go:135.19,137.93 2 8
github.com/microsoft/terraform-provider-fabric/internal/services/capacity/data_capacity.go:137.93,139.4 1 0
github.com/microsoft/terraform-provider-fabric/internal/services/capacity/data_capacity.go:141.3,141.37 1 8
github.com/microsoft/terraform-provider-fabric/internal/services/capacity/data_capacity.go:141.37,142.16 1 42
github.com/microsoft/terraform-provider-fabric/internal/services/capacity/data_capacity.go:143.14,144.45 1 21
github.com/microsoft/terraform-provider-fabric/internal/services/capacity/data_capacity.go:144.45,148.6 2 3
github.com/microsoft/terraform-provider-fabric/internal/services/capacity/data_capacity.go:150.5,150.78 1 18
github.com/microsoft/terraform-provider-fabric/internal/services/capacity/data_capacity.go:151.12,152.63 1 21
github.com/microsoft/terraform-provider-fabric/internal/services/capacity/data_capacity.go:152.63,156.6 2 3
github.com/microsoft/terraform-provider-fabric/internal/services/capacity/data_capacity.go:158.5,158.97 1 18
github.com/microsoft/terraform-provider-fabric/internal/services/capacity/data_capacity.go:163.2,168.14 2 2
github.com/microsoft/terraform-provider-fabric/internal/services/capacity/models.go:30.57,36.2 5 24
github.com/microsoft/terraform-provider-fabric/internal/services/capacity/models.go:57.111,60.30 2 3
github.com/microsoft/terraform-provider-fabric/internal/services/capacity/models.go:60.30,64.3 3 18
github.com/microsoft/terraform-provider-fabric/internal/services/capacity/models.go:66.2,66.34 1 3
github.com/microsoft/terraform-provider-fabric/internal/services/capacity/schema.go:18.49,21.13 2 80
github.com/microsoft/terraform-provider-fabric/internal/services/capacity/schema.go:21.13,25.3 1 44
github.com/microsoft/terraform-provider-fabric/internal/services/capacity/schema.go:27.2,78.3 1 80
github.com/microsoft/terraform-provider-fabric/internal/services/dashboard/data_dashboards.go:12.54,19.2 2 42
github.com/microsoft/terraform-provider-fabric/internal/services/datamart/data_datamarts.go:12.53,19.2 2 42
github.com/microsoft/terraform-provider-fabric/internal/services/connectionra/data_connection_role_assignment.go:33.68,37.2 1 118
github.com/microsoft/terraform-provider-fabric/internal/services/connectionra/data_connection_role_assignment.go:39.139,41.2 1 49
github.com/microsoft/terraform-provider-fabric/internal/services/connectionra/data_connection_role_assignment.go:43.135,45.2 1 57
github.com/microsoft/terraform-provider-fabric/internal/services/connectionra/data_connection_role_assignment.go:47.144,48.29 1 12
github.com/microsoft/terraform-provider-fabric/internal/services/connectionra/data_connection_role_assignment.go:48.29,50.3 1 6
github.com/microsoft/terraform-provider-fabric/internal/services/connectionra/data_connection_role_assignment.go:52.2,53.9 2 6
github.com/microsoft/terraform-provider-fabric/internal/services/connectionra/data_connection_role_assignment.go:53.9,60.3 2 0
github.com/microsoft/terraform-provider-fabric/internal/services/connectionra/data_connection_role_assignment.go:62.2,64.149 2 6
github.com/microsoft/terraform-provider-fabric/internal/services/connectionra/data_connection_role_assignment.go:64.149,66.3 1 0
github.com/microsoft/terraform-provider-fabric/internal/services/connectionra/data_connection_role_assignment.go:68.2,68.97 1 6
github.com/microsoft/terraform-provider-fabric/internal/services/connectionra/data_connection_role_assignment.go:71.131,78.89 3 3
github.com/microsoft/terraform-provider-fabric/internal/services/connectionra/data_connection_role_assignment.go:78.89,80.3 1 0
github.com/microsoft/terraform-provider-fabric/internal/services/connectionra/data_connection_role_assignment.go:82.2,83.68 2 3
github.com/microsoft/terraform-provider-fabric/internal/services/connectionra/data_connection_role_assignment.go:83.68,85.3 1 0
github.com/microsoft/terraform-provider-fabric/internal/services/connectionra/data_connection_role_assignment.go:87.2,90.84 3 3
github.com/microsoft/terraform-provider-fabric/internal/services/connectionra/data_connection_role_assignment.go:90.84,92.3 1 0
github.com/microsoft/terraform-provider-fabric/internal/services/connectionra/data_connection_role_assignment.go:94.2,100.33 3 3
github.com/microsoft/terraform-provider-fabric/internal/services/connectionra/data_connection_role_assignment.go:100.33,102.3 1 0
github.com/microsoft/terraform-provider-fabric/internal/services/connectionra/data_connection_role_assignment.go:105.140,107.92 2 3
github.com/microsoft/terraform-provider-fabric/internal/services/connectionra/data_connection_role_assignment.go:107.92,109.3 1 0
github.com/microsoft/terraform-provider-fabric/internal/services/connectionra/data_connection_role_assignment.go:111.2,111.91 1 3
github.com/microsoft/terraform-provider-fabric/internal/services/connectionra/data_connection_role_assignments.go:34.69,38.2 1 114
github.com/microsoft/terraform-provider-fabric/internal/services/connectionra/data_connection_role_assignments.go:40.140,42.2 1 49
github.com/microsoft/terraform-provider-fabric/internal/services/connectionra/data_connection_role_assignments.go:44.136,66.2 2 55
github.com/microsoft/terraform-provider-fabric/internal/services/connectionra/data_connection_role_assignments.go:68.145,69.29 1 10
github.com/microsoft/terraform-provider-fabric/internal/services/connectionra/data_connection_role_assignments.go:69.29,71.3 1 4
github.com/microsoft/terraform-provider-fabric/internal/services/connectionra/data_connection_role_assignments.go:73.2,74.9 2 6
github.com/microsoft/terraform-provider-fabric/internal/services/connectionra/data_connection_role_assignments.go:74.9,81.3 2 0
github.com/microsoft/terraform-provider-fabric/internal/services/connectionra/data_connection_role_assignments.go:83.2,85.149 2 6
github.com/microsoft/terraform-provider-fabric/internal/services/connectionra/data_connection_role_assignments.go:85.149,87.3 1 0
github.com/microsoft/terraform-provider-fabric/internal/services/connectionra/data_connection_role_assignments.go:89.2,89.97 1 6
github.com/microsoft/terraform-provider-fabric/internal/services/connectionra/data_connection_role_assignments.go:92.132,99.89 3 3
github.com/microsoft/terraform-provider-fabric/internal/services/connectionra/data_connection_role_assignments.go:99.89,101.3 1 0
github.com/microsoft/terraform-provider-fabric/internal/services/connectionra/data_connection_role_assignments.go:103.2,104.68 2 3
github.com/microsoft/terraform-provider-fabric/internal/services/connectionra/data_connection_role_assignments.go:104.68,106.3 1 0
github.com/microsoft/terraform-provider-fabric/internal/services/connectionra/data_connection_role_assignments.go:108.2,111.81 3 3
github.com/microsoft/terraform-provider-fabric/internal/services/connectionra/data_connection_role_assignments.go:111.81,113.3 1 0
github.com/microsoft/terraform-provider-fabric/internal/services/connectionra/data_connection_role_assignments.go:115.2,121.33 3 3
github.com/microsoft/terraform-provider-fabric/internal/services/connectionra/data_connection_role_assignments.go:121.33,123.3 1 0
github.com/microsoft/terraform-provider-fabric/internal/services/connectionra/data_connection_role_assignments.go:126.139,128.92 2 3
github.com/microsoft/terraform-provider-fabric/internal/services/connectionra/data_connection_role_assignments.go:128.92,130.3 1 0
github.com/microsoft/terraform-provider-fabric/internal/services/connectionra/data_connection_role_assignments.go:132.2,132.73 1 3
github.com/microsoft/terraform-provider-fabric/internal/services/connectionra/models.go:31.148,36.27 4 17
github.com/microsoft/terraform-provider-fabric/internal/services/connectionra/models.go:36.27,41.71 3 17
github.com/microsoft/terraform-provider-fabric/internal/services/connectionra/models.go:41.71,43.4 1 0
github.com/microsoft/terraform-provider-fabric/internal/services/connectionra/models.go:46.2,46.12 1 17
github.com/microsoft/terraform-provider-fabric/internal/services/connectionra/models.go:69.163,73.30 3 3
github.com/microsoft/terraform-provider-fabric/internal/services/connectionra/models.go:73.30,76.76 2 9
github.com/microsoft/terraform-provider-fabric/internal/services/connectionra/models.go:76.76,78.4 1 0
github.com/microsoft/terraform-provider-fabric/internal/services/connectionra/models.go:80.3,80.38 1 9
github.com/microsoft/terraform-provider-fabric/internal/services/connectionra/models.go:83.2,83.34 1 3
github.com/microsoft/terraform-provider-fabric/internal/services/connectionra/models.go:100.136,102.22 2 1
github.com/microsoft/terraform-provider-fabric/internal/services/connectionra/models.go:102.22,104.3 1 0
github.com/microsoft/terraform-provider-fabric/internal/services/connectionra/models.go:106.2,112.12 3 1
github.com/microsoft/terraform-provider-fabric/internal/services/connectionra/models.go:119.98,121.2 1 1
github.com/microsoft/terraform-provider-fabric/internal/services/connectionra/models.go:132.55,135.2 2 17
github.com/microsoft/terraform-provider-fabric/internal/services/connectionra/resource_connection_role_assignment.go:38.62,42.2 1 232
github.com/microsoft/terraform-provider-fabric/internal/services/connectionra/resource_connection_role_assignment.go:44.133,46.2 1 58
github.com/microsoft/terraform-provider-fabric/internal/services/connectionra/resource_connection_role_assignment.go:48.129,50.2 1 66
github.com/microsoft/terraform-provider-fabric/internal/services/connectionra/resource_connection_role_assignment.go:52.138,53.29 1 36
github.com/microsoft/terraform-provider-fabric/internal/services/connectionra/resource_connection_role_assignment.go:53.29,55.3 1 9
github.com/microsoft/terraform-provider-fabric/internal/services/connectionra/resource_connection_role_assignment.go:57.2,59.9 2 27
github.com/microsoft/terraform-provider-fabric/internal/services/connectionra/resource_connection_role_assignment.go:59.9,66.3 2 0
github.com/microsoft/terraform-provider-fabric/internal/services/connectionra/resource_connection_role_assignment.go:68.2,70.149 2 27
github.com/microsoft/terraform-provider-fabric/internal/services/connectionra/resource_connection_role_assignment.go:70.149,72.3 1 0
github.com/microsoft/terraform-provider-fabric/internal/services/connectionra/resource_connection_role_assignment.go:74.2,74.97 1 27
github.com/microsoft/terraform-provider-fabric/internal/services/connectionra/resource_connection_role_assignment.go:77.131,84.87 3 1
github.com/microsoft/terraform-provider-fabric/internal/services/connectionra/resource_connection_role_assignment.go:84.87,86.3 1 0
github.com/microsoft/terraform-provider-fabric/internal/services/connectionra/resource_connection_role_assignment.go:88.2,89.68 2 1
github.com/microsoft/terraform-provider-fabric/internal/services/connectionra/resource_connection_role_assignment.go:89.68,91.3 1 0
github.com/microsoft/terraform-provider-fabric/internal/services/connectionra/resource_connection_role_assignment.go:93.2,101.124 6 1
github.com/microsoft/terraform-provider-fabric/internal/services/connectionra/resource_connection_role_assignment.go:101.124,103.3 1 0
github.com/microsoft/terraform-provider-fabric/internal/services/connectionra/resource_connection_role_assignment.go:105.2,105.146 1 1
github.com/microsoft/terraform-provider-fabric/internal/services/connectionra/resource_connection_role_assignment.go:105.146,107.3 1 0
github.com/microsoft/terraform-provider-fabric/internal/services/connectionra/resource_connection_role_assignment.go:109.2,115.33 3 1
github.com/microsoft/terraform-provider-fabric/internal/services/connectionra/resource_connection_role_assignment.go:115.33,117.3 1 0
github.com/microsoft/terraform-provider-fabric/internal/services/connectionra/resource_connection_role_assignment.go:120.125,127.89 3 3
github.com/microsoft/terraform-provider-fabric/internal/services/connectionra/resource_connection_role_assignment.go:127.89,129.3 1 0
github.com/microsoft/terraform-provider-fabric/internal/services/connectionra/resource_connection_role_assignment.go:131.2,132.68 2 3
github.com/microsoft/terraform-provider-fabric/internal/services/connectionra/resource_connection_role_assignment.go:132.68,134.3 1 0
github.com/microsoft/terraform-provider-fabric/internal/services/connectionra/resource_connection_role_assignment.go:136.2,140.91 4 3
github.com/microsoft/terraform-provider-fabric/internal/services/connectionra/resource_connection_role_assignment.go:140.91,146.3 3 0
github.com/microsoft/terraform-provider-fabric/internal/services/connectionra/resource_connection_role_assignment.go:148.2,148.68 1 3
github.com/microsoft/terraform-provider-fabric/internal/services/connectionra/resource_connection_role_assignment.go:148.68,150.3 1 0
github.com/microsoft/terraform-provider-fabric/internal/services/connectionra/resource_connection_role_assignment.go:152.2,158.33 3 3
github.com/microsoft/terraform-provider-fabric/internal/services/connectionra/resource_connection_role_assignment.go:158.33,160.3 1 0
github.com/microsoft/terraform-provider-fabric/internal/services/connectionra/resource_connection_role_assignment.go:163.131,170.87 3 1
github.com/microsoft/terraform-provider-fabric/internal/services/connectionra/resource_connection_role_assignment.go:170.87,172.3 1 0
github.com/microsoft/terraform-provider-fabric/internal/services/connectionra/resource_connection_role_assignment.go:174.2,175.68 2 1
github.com/microsoft/terraform-provider-fabric/internal/services/connectionra/resource_connection_role_assignment.go:175.68,177.3 1 0
github.com/microsoft/terraform-provider-fabric/internal/services/connectionra/resource_connection_role_assignment.go:179.2,187.124 6 1
github.com/microsoft/terraform-provider-fabric/internal/services/connectionra/resource_connection_role_assignment.go:187.124,189.3 1 0
github.com/microsoft/terraform-provider-fabric/internal/services/connectionra/resource_connection_role_assignment.go:191.2,191.146 1 1
github.com/microsoft/terraform-provider-fabric/internal/services/connectionra/resource_connection_role_assignment.go:191.146,193.3 1 0
github.com/microsoft/terraform-provider-fabric/internal/services/connectionra/resource_connection_role_assignment.go:195.2,201.33 3 1
github.com/microsoft/terraform-provider-fabric/internal/services/connectionra/resource_connection_role_assignment.go:201.33,203.3 1 0
github.com/microsoft/terraform-provider-fabric/internal/services/connectionra/resource_connection_role_assignment.go:206.131,213.89 3 1
github.com/microsoft/terraform-provider-fabric/internal/services/connectionra/resource_connection_role_assignment.go:213.89,215.3 1 0
github.com/microsoft/terraform-provider-fabric/internal/services/connectionra/resource_connection_role_assignment.go:217.2,218.68 2 1
github.com/microsoft/terraform-provider-fabric/internal/services/connectionra/resource_connection_role_assignment.go:218.68,220.3 1 0
github.com/microsoft/terraform-provider-fabric/internal/services/connectionra/resource_connection_role_assignment.go:222.2,226.124 4 1
github.com/microsoft/terraform-provider-fabric/internal/services/connectionra/resource_connection_role_assignment.go:226.124,228.3 1 0
github.com/microsoft/terraform-provider-fabric/internal/services/connectionra/resource_connection_role_assignment.go:230.2,232.4 1 1
github.com/microsoft/terraform-provider-fabric/internal/services/connectionra/resource_connection_role_assignment.go:235.146,244.12 4 4
github.com/microsoft/terraform-provider-fabric/internal/services/connectionra/resource_connection_role_assignment.go:244.12,251.3 2 1
github.com/microsoft/terraform-provider-fabric/internal/services/connectionra/resource_connection_role_assignment.go:253.2,259.33 5 3
github.com/microsoft/terraform-provider-fabric/internal/services/connectionra/resource_connection_role_assignment.go:259.33,261.3 1 3
github.com/microsoft/terraform-provider-fabric/internal/services/connectionra/resource_connection_role_assignment.go:263.2,264.124 2 0
github.com/microsoft/terraform-provider-fabric/internal/services/connectionra/resource_connection_role_assignment.go:264.124,266.3 1 0
github.com/microsoft/terraform-provider-fabric/internal/services/connectionra/resource_connection_role_assignment.go:268.2,276.81 2 0
github.com/microsoft/terraform-provider-fabric/internal/services/connectionra/resource_connection_role_assignment.go:276.81,278.3 1 0
github.com/microsoft/terraform-provider-fabric/internal/services/connectionra/resource_connection_role_assignment.go:280.2,286.33 3 0
github.com/microsoft/terraform-provider-fabric/internal/services/connectionra/resource_connection_role_assignment.go:286.33,288.3 1 0
github.com/microsoft/terraform-provider-fabric/internal/services/connectionra/resource_connection_role_assignment.go:291.132,293.121 2 3
github.com/microsoft/terraform-provider-fabric/internal/services/connectionra/resource_connection_role_assignment.go:293.121,295.3 1 0
github.com/microsoft/terraform-provider-fabric/internal/services/connectionra/resource_connection_role_assignment.go:297.2,297.95 1 3
github.com/microsoft/terraform-provider-fabric/internal/services/connectionra/schema.go:21.49,24.13 2 178
github.com/microsoft/terraform-provider-fabric/internal/services/connectionra/schema.go:24.13,28.3 1 123
github.com/microsoft/terraform-provider-fabric/internal/services/connectionra/schema.go:30.2,138.3 1 178
